2020-11-25 09:52:07,073 [ERROR]: #  枚举设备失败，message：0
2020-11-25 09:52:11,246 [ERROR]: #  修改设备认证密钥失败，message：设备已移除
2020-11-25 09:52:15,733 [ERROR]: #  枚举应用失败，message：设备已移除
2020-11-25 09:52:18,796 [ERROR]: #  容器创建失败，message：失败
2020-11-25 09:52:19,887 [ERROR]: #  生成ecc签名钥对失败，message：无效的句柄
2020-11-25 09:52:21,365 [ERROR]: #  发方生成密钥协商参数并输出失败，message：无效的句柄
2020-11-25 09:52:24,430 [ERROR]: #  数据加密杂凑成功,message:设备已移除
2020-11-25 09:52:30,078 [ERROR]: #  导出矩阵失败，code=发送数据错误
2020-11-25 09:52:31,949 [ERROR]: #  导出矩阵失败，code=发送数据错误
2020-11-25 09:52:32,677 [ERROR]: #  导出矩阵失败，code=发送数据错误
2020-11-25 09:52:33,536 [ERROR]: #  导出矩阵失败，code=发送数据错误
2020-11-25 09:52:34,592 [ERROR]: #  导出矩阵失败，code=发送数据错误
2020-11-25 09:52:35,366 [ERROR]: #  随机数单次检测失败，code=设备已移除
2020-11-25 09:52:38,416 [ERROR]: #  导出矩阵失败，code=发送数据错误
2020-11-25 09:52:39,102 [ERROR]: #  随机数单次检测失败，code=设备已移除
2020-11-25 09:52:40,327 [ERROR]: #  设备连接失败，message：设备连接失败
2020-11-25 09:52:41,446 [ERROR]: #  设备认证失败，message：设备已移除
2020-11-25 09:52:42,229 [ERROR]: #  打开应用失败，message：设备已移除
2020-11-25 09:52:42,871 [ERROR]: #  容器删除失败，message：失败
2020-11-25 09:52:43,649 [ERROR]: #  生成导出会话密钥失败，message：失败
2020-11-25 09:52:43,650 [ERROR]: #  加密初始化失败，message：无效的句柄
2020-11-25 09:52:43,653 [ERROR]: #  多组数据加密失败，message：无效的句柄
2020-11-25 09:52:43,655 [ERROR]: #  结束加密，message:无效的句柄
2020-11-25 09:52:43,656 [INFO]: #  销毁会话密钥失败，message：无效的句柄
2020-11-25 09:52:43,657 [ERROR]: #  导入Ecc加密密钥失败，message：无效的句柄
2020-11-25 09:52:44,183 [ERROR]: #  收方产生协商参数并计算会话密钥失败，message：无效的句柄
2020-11-25 09:52:48,810 [ERROR]: #  多组数据加密杂凑失败，message：设备已移除
2020-11-25 09:52:49,513 [ERROR]: #  删除矩阵失败，code=发送数据错误
2020-11-25 09:52:50,254 [INFO]: #  快速Hash初始化成功，code=0
2020-11-25 09:52:59,168 [INFO]: #  取消设备等待事件,message:0
2020-11-25 09:53:00,349 [ERROR]: #  应用创建失败，message：设备已移除
2020-11-25 09:53:14,227 [ERROR]: #  写文件失败，message：无效的句柄
2020-11-25 09:53:30,601 [ERROR]: #  随机数检测失败，code=随机数发生器失效
2020-11-25 09:54:03,813 [ERROR]: #  加密初始化失败，message：无效的句柄
2020-11-25 09:54:03,813 [ERROR]: #  多组数据加密失败，message：无效的句柄
2020-11-25 09:54:03,814 [ERROR]: #  结束加密，message:无效的句柄
2020-11-25 09:54:06,099 [ERROR]: #  加密初始化失败，message：无效的句柄
2020-11-25 09:54:06,100 [ERROR]: #  多组数据加密失败，message：无效的句柄
2020-11-25 09:54:06,100 [ERROR]: #  结束加密，message:无效的句柄
2020-11-25 09:54:11,405 [ERROR]: #  解密初始化失败，message：无效的句柄
2020-11-25 09:54:11,406 [ERROR]: #  多组数据解密失败，message：无效的句柄
2020-11-25 09:54:11,406 [ERROR]: #  结束解密失败，message：无效的句柄
2020-11-25 09:54:36,453 [ERROR]: #  Ecc签名失败，message：无效的句柄
2020-11-25 09:54:38,908 [ERROR]: #  获取管理员PIN信息失败，message：无效的句柄
2020-11-25 09:54:51,077 [INFO]: #  取消设备等待事件,message:0
2020-11-25 10:18:06,598 [ERROR]: #  'Gm' object has no attribute 'SKF_EnumDev'
Traceback (most recent call last):
  File "F:\Test\UKtool\skfapi\dev.py", line 20, in SKF_EnumDev
    code = gm.SKF_EnumDev(bPresent, szNameList, pulSize)
AttributeError: 'Gm' object has no attribute 'SKF_EnumDev'
2020-11-25 10:20:17,230 [ERROR]: #  'Gm' object has no attribute 'SKF_EnumDev'
Traceback (most recent call last):
  File "F:\Test\UKtool\skfapi\dev.py", line 20, in SKF_EnumDev
    code = gm.SKF_EnumDev(bPresent, szNameList, pulSize)
AttributeError: 'Gm' object has no attribute 'SKF_EnumDev'
2020-11-25 10:20:58,456 [ERROR]: #  'Gm' object has no attribute 'SKF_EnumDev'
Traceback (most recent call last):
  File "F:\Test\UKtool\skfapi\dev.py", line 20, in SKF_EnumDev
    code = gm.SKF_EnumDev(bPresent, szNameList, pulSize)
AttributeError: 'Gm' object has no attribute 'SKF_EnumDev'
2020-11-25 10:24:43,297 [ERROR]: #  枚举设备失败，message：0
2020-11-25 10:24:50,834 [ERROR]: #  枚举应用失败，message：设备已移除
2020-11-25 10:26:17,156 [ERROR]: #  枚举设备失败，message：0
2020-11-25 10:34:09,721 [ERROR]: #  枚举设备失败，message：0
2020-11-25 10:34:11,464 [ERROR]: #  修改设备认证密钥失败，message：设备已移除
2020-11-25 10:34:14,144 [ERROR]: #  枚举应用失败，message：设备已移除
2020-11-25 10:34:15,137 [ERROR]: #  容器创建失败，message：失败
2020-11-25 10:34:15,766 [ERROR]: #  修改设备认证密钥失败，message：设备已移除
2020-11-25 10:34:17,400 [ERROR]: #  枚举应用失败，message：设备已移除
2020-11-25 10:34:18,020 [ERROR]: #  容器创建失败，message：失败
2020-11-25 10:34:18,454 [ERROR]: #  生成ecc签名钥对失败，message：无效的句柄
2020-11-25 10:50:59,608 [ERROR]: #  枚举设备失败，message：0
2020-11-25 10:51:02,730 [ERROR]: #  枚举设备失败，message：0
2020-11-25 10:51:02,731 [ERROR]: #  设备连接失败，message：设备连接失败
2020-11-25 10:51:02,731 [ERROR]: #  设备认证失败，message：设备已移除
2020-11-25 10:51:02,732 [ERROR]: #  删除应用失败，message：设备已移除
2020-11-25 12:14:48,650 [ERROR]: #  枚举应用失败，message：设备已移除
2020-11-25 12:14:49,698 [ERROR]: #  容器创建失败，message：失败
2020-11-25 12:14:50,213 [ERROR]: #  生成ecc签名钥对失败，message：无效的句柄
2020-11-25 12:14:50,901 [ERROR]: #  发方生成密钥协商参数并输出失败，message：无效的句柄
2020-11-25 12:14:51,457 [ERROR]: #  数据加密杂凑成功,message:设备已移除
2020-11-25 12:14:52,024 [ERROR]: #  导出矩阵失败，code=发送数据错误
2020-11-25 12:14:52,843 [ERROR]: #  随机数单次检测失败，code=设备已移除
2020-11-25 12:14:54,033 [ERROR]: #  设备连接失败，message：设备连接失败
2020-11-25 12:14:54,607 [ERROR]: #  设备认证失败，message：设备已移除
2020-11-25 12:14:58,249 [ERROR]: #  打开应用失败，message：设备已移除
2020-11-25 12:14:58,960 [ERROR]: #  容器删除失败，message：失败
2020-11-25 12:14:59,529 [ERROR]: #  生成导出会话密钥失败，message：失败
2020-11-25 12:14:59,530 [ERROR]: #  加密初始化失败，message：无效的句柄
2020-11-25 12:14:59,530 [ERROR]: #  多组数据加密失败，message：无效的句柄
2020-11-25 12:14:59,530 [ERROR]: #  结束加密，message:无效的句柄
2020-11-25 12:14:59,531 [INFO]: #  销毁会话密钥失败，message：无效的句柄
2020-11-25 12:14:59,531 [ERROR]: #  导入Ecc加密密钥失败，message：无效的句柄
2020-11-25 12:15:00,771 [ERROR]: #  收方产生协商参数并计算会话密钥失败，message：无效的句柄
2020-11-25 12:15:01,665 [ERROR]: #  多组数据加密杂凑失败，message：设备已移除
2020-11-25 12:15:02,257 [ERROR]: #  删除矩阵失败，code=发送数据错误
2020-11-25 12:15:02,896 [INFO]: #  快速Hash初始化成功，code=0
2020-11-25 12:15:04,119 [ERROR]: #  设备断开失败，message：设备已移除
2020-11-25 12:15:04,609 [ERROR]: #  校验用户PIN失败，message：设备已移除
2020-11-25 12:15:05,152 [ERROR]: #  关闭应用失败，message：失败
2020-11-25 12:15:05,688 [ERROR]: #  打开容器失败，message：失败
2020-11-25 12:15:06,256 [ERROR]: #  Ecc签名失败，message：无效的句柄
2020-11-25 12:15:06,791 [ERROR]: #  发方计算会话密钥失败，message：无效的句柄
2020-11-25 12:15:07,353 [ERROR]: #  结束密码杂凑设备已移除
2020-11-25 12:15:08,592 [INFO]: #  多组快速Hash初始化成功，code=0
2020-11-25 12:15:09,904 [ERROR]: #  标签设置失败，message：设备已移除
2020-11-25 12:15:10,337 [ERROR]: #  修改用户PIN失败，message：设备已移除
2020-11-25 12:15:10,866 [ERROR]: #  删除应用失败，message：设备已移除
2020-11-25 12:15:11,363 [ERROR]: #  关闭容器失败，message：无效的句柄
2020-11-25 12:15:11,919 [ERROR]: #  导出签名公钥失败,message:引用的容器不存在
2020-11-25 12:15:11,920 [ERROR]: #  ECC数据验签失败，message：设备已移除
2020-11-25 12:15:12,412 [ERROR]: #  加密初始化失败，message：无效的句柄
2020-11-25 12:15:12,994 [ERROR]: #  消息鉴别码运算初始化失败，message：失败
2020-11-25 12:15:13,857 [ERROR]: #  加域计算实体标识失败，code=无效的句柄
2020-11-25 12:15:14,331 [INFO]: #  结束多组快速Hash成功，code=0
2020-11-25 12:15:15,519 [INFO]: #  设备已断开,message:
2020-11-25 12:15:15,979 [ERROR]: #  校验管理员PIN失败，message：设备已移除
2020-11-25 12:15:16,464 [ERROR]: #  文件创建失败，message：无效的句柄
2020-11-25 12:15:16,943 [ERROR]: #  枚举容器失败，message：无效的句柄
2020-11-25 12:15:17,649 [ERROR]: #  生成导出会话密钥失败，message：失败
2020-11-25 12:15:18,198 [ERROR]: #  多组数据加密失败，message：无效的句柄
2020-11-25 12:15:18,731 [ERROR]: #  单组数据鉴别计算失败，message：失败
2020-11-25 12:15:19,257 [ERROR]: #  IKI导出会话密钥失败，code=无效的句柄
2020-11-25 12:15:19,873 [ERROR]: #  VPN发方生成密钥协商参数失败，code=无效的句柄
2020-11-25 12:15:20,992 [ERROR]: #  获取设备信息失败，message：设备已移除
2020-11-25 12:15:21,401 [ERROR]: #  修改管理员PIN失败，message：设备已移除
2020-11-25 12:15:31,033 [ERROR]: #  获取管理员PIN信息失败，message：无效的句柄
2020-11-25 12:18:08,402 [ERROR]: #  name 'none' is not defined
Traceback (most recent call last):
  File "F:\Test\UKtool\skfapi\device.py", line 24, in SKF_EnumDev
    if none == szNameList:
NameError: name 'none' is not defined
2020-11-25 12:22:07,042 [ERROR]: #  获取文件信息失败，message：无效的句柄
2020-11-25 12:32:22,202 [ERROR]: #  文件创建失败，message：无效的句柄
2020-11-25 12:34:55,983 [ERROR]: #  读取文件失败，message：无效的句柄
2020-11-25 13:37:57,867 [ERROR]: #  文件创建失败，message：无效的句柄
2020-11-25 13:41:07,265 [ERROR]: #  文件创建失败，message：无效的句柄
2020-11-25 13:47:52,439 [ERROR]: #  文件创建失败，message：无效的句柄
2020-11-25 13:58:27,384 [ERROR]: #  文件创建失败，message：无效的句柄
2020-11-25 14:15:46,539 [ERROR]: #  写文件失败，message：无效的句柄
2020-11-25 14:15:50,670 [ERROR]: #  获取文件信息失败，message：无效的句柄
2020-11-25 14:54:38,221 [ERROR]: #  文件删除失败，message：异常错误
2020-11-25 15:01:10,031 [ERROR]: #  文件创建失败，message：无效的句柄
2020-11-25 15:01:31,047 [ERROR]: #  枚举文件失败，message：异常错误
2020-11-25 15:06:41,753 [ERROR]: #  文件删除失败，message：异常错误
2020-11-25 15:06:47,521 [ERROR]: #  文件删除失败，message：异常错误
2020-11-25 15:06:48,139 [ERROR]: #  文件删除失败，message：异常错误
2020-11-25 15:06:48,589 [ERROR]: #  文件删除失败，message：异常错误
2020-11-25 15:06:48,819 [ERROR]: #  文件删除失败，message：异常错误
2020-11-25 15:06:49,036 [ERROR]: #  文件删除失败，message：异常错误
2020-11-25 15:06:49,228 [ERROR]: #  文件删除失败，message：异常错误
2020-11-25 15:06:49,420 [ERROR]: #  文件删除失败，message：异常错误
2020-11-25 15:06:49,621 [ERROR]: #  文件删除失败，message：异常错误
2020-11-25 15:06:49,819 [ERROR]: #  文件删除失败，message：异常错误
2020-11-25 15:06:50,019 [ERROR]: #  文件删除失败，message：异常错误
2020-11-25 15:06:50,261 [ERROR]: #  文件删除失败，message：异常错误
2020-11-25 15:08:28,246 [ERROR]: #  文件删除失败，message：异常错误
2020-11-25 15:09:21,450 [ERROR]: #  文件删除失败，message：异常错误
2020-11-25 15:10:14,491 [ERROR]: #  文件删除失败，message：异常错误
2020-11-25 15:10:18,995 [ERROR]: #  枚举文件失败，message：异常错误
2020-11-25 15:10:21,228 [ERROR]: #  文件删除失败，message：异常错误
2020-11-25 15:10:22,426 [ERROR]: #  枚举文件失败，message：异常错误
2020-11-25 15:10:23,083 [ERROR]: #  文件删除失败，message：异常错误
2020-11-25 15:10:23,812 [ERROR]: #  枚举文件失败，message：异常错误
2020-11-25 15:10:24,516 [ERROR]: #  [Errno 2] No such file or directory: ''
Traceback (most recent call last):
  File "F:\Test\UKtool\skfapi\container.py", line 98, in SKF_ImportCertificate
    with open(path, 'rb+') as f:
FileNotFoundError: [Errno 2] No such file or directory: ''
