2020-11-27 11:14:42,643 [ERROR]: #  枚举设备失败，message：0
2020-11-27 11:14:43,420 [ERROR]: #  修改设备认证密钥失败，message：设备已移除
2020-11-27 11:14:43,939 [ERROR]: #  枚举应用失败，message：设备已移除
2020-11-27 11:14:44,483 [ERROR]: #  容器创建失败，message：失败
2020-11-27 11:14:44,875 [ERROR]: #  生成ecc签名钥对失败，message：无效的句柄
2020-11-27 11:14:45,354 [ERROR]: #  发方生成密钥协商参数并输出失败，message：无效的句柄
2020-11-27 11:14:45,795 [ERROR]: #  数据加密杂凑成功,message:设备已移除
2020-11-27 11:14:46,234 [ERROR]: #  导出矩阵失败，code=发送数据错误
2020-11-27 11:14:46,818 [ERROR]: #  随机数单次检测失败，code=设备已移除
2020-11-27 11:14:47,946 [ERROR]: #  设备连接失败，message：名称长度错误
2020-11-27 11:14:48,346 [ERROR]: #  设备认证失败，message：设备已移除
2020-11-27 11:14:48,826 [ERROR]: #  打开应用失败，message：设备已移除
2020-11-27 11:25:39,761 [ERROR]: #  生成ecc签名钥对失败，message：无效的句柄
2020-11-27 11:25:39,784 [ERROR]: #  生成ecc签名钥对失败，message：无效的句柄
2020-11-27 11:25:39,784 [ERROR]: #  生成ecc签名钥对失败，message：无效的句柄
2020-11-27 11:25:39,785 [ERROR]: #  生成ecc签名钥对失败，message：无效的句柄
2020-11-27 11:25:39,785 [ERROR]: #  生成ecc签名钥对失败，message：无效的句柄
2020-11-27 11:25:39,785 [ERROR]: #  生成ecc签名钥对失败，message：无效的句柄
2020-11-27 11:25:39,785 [ERROR]: #  生成ecc签名钥对失败，message：无效的句柄
2020-11-27 11:25:39,785 [ERROR]: #  生成ecc签名钥对失败，message：无效的句柄
2020-11-27 11:25:39,786 [ERROR]: #  生成ecc签名钥对失败，message：无效的句柄
2020-11-27 11:25:39,786 [ERROR]: #  生成ecc签名钥对失败，message：无效的句柄
2020-11-27 11:25:39,786 [ERROR]: #  生成ecc签名钥对失败，message：无效的句柄
2020-11-27 11:25:39,786 [ERROR]: #  生成ecc签名钥对失败，message：无效的句柄
2020-11-27 11:25:39,786 [ERROR]: #  生成ecc签名钥对失败，message：无效的句柄
2020-11-27 11:25:39,786 [ERROR]: #  生成ecc签名钥对失败，message：无效的句柄
2020-11-27 11:25:39,787 [ERROR]: #  生成ecc签名钥对失败，message：无效的句柄
2020-11-27 11:25:39,787 [ERROR]: #  生成ecc签名钥对失败，message：无效的句柄
2020-11-27 11:25:39,787 [ERROR]: #  生成ecc签名钥对失败，message：无效的句柄
2020-11-27 11:25:39,787 [ERROR]: #  生成ecc签名钥对失败，message：无效的句柄
2020-11-27 11:25:39,787 [ERROR]: #  生成ecc签名钥对失败，message：无效的句柄
2020-11-27 11:25:39,787 [ERROR]: #  生成ecc签名钥对失败，message：无效的句柄
2020-11-27 11:25:39,788 [ERROR]: #  生成ecc签名钥对失败，message：无效的句柄
2020-11-27 11:25:39,788 [ERROR]: #  生成ecc签名钥对失败，message：无效的句柄
2020-11-27 11:25:39,788 [ERROR]: #  生成ecc签名钥对失败，message：无效的句柄
2020-11-27 11:25:39,788 [ERROR]: #  生成ecc签名钥对失败，message：无效的句柄
2020-11-27 11:25:39,788 [ERROR]: #  生成ecc签名钥对失败，message：无效的句柄
2020-11-27 11:25:39,789 [ERROR]: #  生成ecc签名钥对失败，message：无效的句柄
2020-11-27 11:25:39,789 [ERROR]: #  生成ecc签名钥对失败，message：无效的句柄
2020-11-27 11:25:39,789 [ERROR]: #  生成ecc签名钥对失败，message：无效的句柄
2020-11-27 11:25:39,789 [ERROR]: #  生成ecc签名钥对失败，message：无效的句柄
2020-11-27 11:25:39,789 [ERROR]: #  生成ecc签名钥对失败，message：无效的句柄
2020-11-27 11:25:39,789 [ERROR]: #  生成ecc签名钥对失败，message：无效的句柄
2020-11-27 11:25:39,789 [ERROR]: #  生成ecc签名钥对失败，message：无效的句柄
2020-11-27 11:25:39,790 [ERROR]: #  生成ecc签名钥对失败，message：无效的句柄
2020-11-27 11:25:39,790 [ERROR]: #  生成ecc签名钥对失败，message：无效的句柄
2020-11-27 11:25:39,790 [ERROR]: #  生成ecc签名钥对失败，message：无效的句柄
2020-11-27 11:25:39,790 [ERROR]: #  生成ecc签名钥对失败，message：无效的句柄
2020-11-27 11:25:39,790 [ERROR]: #  生成ecc签名钥对失败，message：无效的句柄
2020-11-27 11:25:39,790 [ERROR]: #  生成ecc签名钥对失败，message：无效的句柄
2020-11-27 11:25:39,790 [ERROR]: #  生成ecc签名钥对失败，message：无效的句柄
2020-11-27 11:25:39,791 [ERROR]: #  生成ecc签名钥对失败，message：无效的句柄
2020-11-27 11:25:39,791 [ERROR]: #  生成ecc签名钥对失败，message：无效的句柄
2020-11-27 11:25:39,791 [ERROR]: #  生成ecc签名钥对失败，message：无效的句柄
2020-11-27 11:25:39,791 [ERROR]: #  生成ecc签名钥对失败，message：无效的句柄
2020-11-27 11:25:39,791 [ERROR]: #  生成ecc签名钥对失败，message：无效的句柄
2020-11-27 11:25:39,791 [ERROR]: #  生成ecc签名钥对失败，message：无效的句柄
2020-11-27 11:25:39,792 [ERROR]: #  生成ecc签名钥对失败，message：无效的句柄
2020-11-27 11:25:39,792 [ERROR]: #  生成ecc签名钥对失败，message：无效的句柄
2020-11-27 11:25:39,792 [ERROR]: #  生成ecc签名钥对失败，message：无效的句柄
2020-11-27 11:25:39,792 [ERROR]: #  生成ecc签名钥对失败，message：无效的句柄
2020-11-27 11:25:39,792 [ERROR]: #  生成ecc签名钥对失败，message：无效的句柄
2020-11-27 11:25:39,793 [ERROR]: #  生成ecc签名钥对失败，message：无效的句柄
2020-11-27 11:25:39,793 [ERROR]: #  生成ecc签名钥对失败，message：无效的句柄
2020-11-27 11:25:39,793 [ERROR]: #  生成ecc签名钥对失败，message：无效的句柄
2020-11-27 11:25:39,793 [ERROR]: #  生成ecc签名钥对失败，message：无效的句柄
2020-11-27 11:25:39,793 [ERROR]: #  生成ecc签名钥对失败，message：无效的句柄
2020-11-27 11:25:39,793 [ERROR]: #  生成ecc签名钥对失败，message：无效的句柄
2020-11-27 11:25:39,793 [ERROR]: #  生成ecc签名钥对失败，message：无效的句柄
2020-11-27 11:25:39,794 [ERROR]: #  生成ecc签名钥对失败，message：无效的句柄
2020-11-27 11:25:39,794 [ERROR]: #  生成ecc签名钥对失败，message：无效的句柄
2020-11-27 11:25:39,794 [ERROR]: #  生成ecc签名钥对失败，message：无效的句柄
2020-11-27 11:25:39,794 [ERROR]: #  生成ecc签名钥对失败，message：无效的句柄
2020-11-27 11:25:39,794 [ERROR]: #  生成ecc签名钥对失败，message：无效的句柄
2020-11-27 11:25:39,794 [ERROR]: #  生成ecc签名钥对失败，message：无效的句柄
2020-11-27 11:25:39,794 [ERROR]: #  生成ecc签名钥对失败，message：无效的句柄
2020-11-27 11:25:39,795 [ERROR]: #  生成ecc签名钥对失败，message：无效的句柄
2020-11-27 11:25:39,795 [ERROR]: #  生成ecc签名钥对失败，message：无效的句柄
2020-11-27 11:25:39,795 [ERROR]: #  生成ecc签名钥对失败，message：无效的句柄
2020-11-27 11:25:39,795 [ERROR]: #  生成ecc签名钥对失败，message：无效的句柄
2020-11-27 11:25:39,795 [ERROR]: #  生成ecc签名钥对失败，message：无效的句柄
2020-11-27 11:25:39,795 [ERROR]: #  生成ecc签名钥对失败，message：无效的句柄
2020-11-27 11:25:39,796 [ERROR]: #  生成ecc签名钥对失败，message：无效的句柄
2020-11-27 11:25:39,796 [ERROR]: #  生成ecc签名钥对失败，message：无效的句柄
2020-11-27 11:25:39,796 [ERROR]: #  生成ecc签名钥对失败，message：无效的句柄
2020-11-27 11:25:39,796 [ERROR]: #  生成ecc签名钥对失败，message：无效的句柄
2020-11-27 11:25:39,796 [ERROR]: #  生成ecc签名钥对失败，message：无效的句柄
2020-11-27 11:25:39,797 [ERROR]: #  生成ecc签名钥对失败，message：无效的句柄
2020-11-27 11:25:39,797 [ERROR]: #  生成ecc签名钥对失败，message：无效的句柄
2020-11-27 11:25:39,797 [ERROR]: #  生成ecc签名钥对失败，message：无效的句柄
2020-11-27 11:25:39,797 [ERROR]: #  生成ecc签名钥对失败，message：无效的句柄
2020-11-27 11:25:39,797 [ERROR]: #  生成ecc签名钥对失败，message：无效的句柄
2020-11-27 11:25:39,797 [ERROR]: #  生成ecc签名钥对失败，message：无效的句柄
2020-11-27 11:25:39,798 [ERROR]: #  生成ecc签名钥对失败，message：无效的句柄
2020-11-27 11:25:39,798 [ERROR]: #  生成ecc签名钥对失败，message：无效的句柄
2020-11-27 11:25:39,798 [ERROR]: #  生成ecc签名钥对失败，message：无效的句柄
2020-11-27 11:25:39,798 [ERROR]: #  生成ecc签名钥对失败，message：无效的句柄
2020-11-27 11:25:39,798 [ERROR]: #  生成ecc签名钥对失败，message：无效的句柄
2020-11-27 11:25:39,798 [ERROR]: #  生成ecc签名钥对失败，message：无效的句柄
2020-11-27 11:25:39,799 [ERROR]: #  生成ecc签名钥对失败，message：无效的句柄
2020-11-27 11:25:39,799 [ERROR]: #  生成ecc签名钥对失败，message：无效的句柄
2020-11-27 11:25:39,799 [ERROR]: #  生成ecc签名钥对失败，message：无效的句柄
2020-11-27 11:25:39,799 [ERROR]: #  生成ecc签名钥对失败，message：无效的句柄
2020-11-27 11:25:39,800 [ERROR]: #  生成ecc签名钥对失败，message：无效的句柄
2020-11-27 11:25:39,800 [ERROR]: #  生成ecc签名钥对失败，message：无效的句柄
2020-11-27 11:25:39,800 [ERROR]: #  生成ecc签名钥对失败，message：无效的句柄
2020-11-27 11:25:39,800 [ERROR]: #  生成ecc签名钥对失败，message：无效的句柄
2020-11-27 11:25:39,800 [ERROR]: #  生成ecc签名钥对失败，message：无效的句柄
2020-11-27 11:25:39,801 [ERROR]: #  生成ecc签名钥对失败，message：无效的句柄
2020-11-27 11:25:39,801 [ERROR]: #  生成ecc签名钥对失败，message：无效的句柄
2020-11-27 11:25:39,801 [ERROR]: #  生成ecc签名钥对失败，message：无效的句柄
2020-11-27 11:25:39,801 [ERROR]: #  生成ecc签名钥对失败，message：无效的句柄
2020-11-27 11:25:39,835 [INFO]: #  单次平均执行时间：0 ms
2020-11-27 11:28:09,191 [ERROR]: #  生成ecc签名钥对失败，message：无效的句柄
2020-11-27 11:28:09,191 [ERROR]: #  生成ecc签名钥对失败，message：无效的句柄
2020-11-27 11:28:09,191 [ERROR]: #  生成ecc签名钥对失败，message：无效的句柄
2020-11-27 11:28:09,192 [ERROR]: #  生成ecc签名钥对失败，message：无效的句柄
2020-11-27 11:28:09,192 [ERROR]: #  生成ecc签名钥对失败，message：无效的句柄
2020-11-27 11:28:09,192 [ERROR]: #  生成ecc签名钥对失败，message：无效的句柄
2020-11-27 11:28:09,192 [ERROR]: #  生成ecc签名钥对失败，message：无效的句柄
2020-11-27 11:28:09,192 [ERROR]: #  生成ecc签名钥对失败，message：无效的句柄
2020-11-27 11:28:09,193 [ERROR]: #  生成ecc签名钥对失败，message：无效的句柄
2020-11-27 11:28:09,193 [ERROR]: #  生成ecc签名钥对失败，message：无效的句柄
2020-11-27 11:28:09,193 [ERROR]: #  生成ecc签名钥对失败，message：无效的句柄
2020-11-27 11:28:09,193 [ERROR]: #  生成ecc签名钥对失败，message：无效的句柄
2020-11-27 11:28:09,193 [ERROR]: #  生成ecc签名钥对失败，message：无效的句柄
2020-11-27 11:28:09,193 [ERROR]: #  生成ecc签名钥对失败，message：无效的句柄
2020-11-27 11:28:09,194 [ERROR]: #  生成ecc签名钥对失败，message：无效的句柄
2020-11-27 11:28:09,194 [ERROR]: #  生成ecc签名钥对失败，message：无效的句柄
2020-11-27 11:28:09,194 [ERROR]: #  生成ecc签名钥对失败，message：无效的句柄
2020-11-27 11:28:09,194 [ERROR]: #  生成ecc签名钥对失败，message：无效的句柄
2020-11-27 11:28:09,194 [ERROR]: #  生成ecc签名钥对失败，message：无效的句柄
2020-11-27 11:28:09,195 [ERROR]: #  生成ecc签名钥对失败，message：无效的句柄
2020-11-27 11:28:09,195 [ERROR]: #  生成ecc签名钥对失败，message：无效的句柄
2020-11-27 11:28:09,195 [ERROR]: #  生成ecc签名钥对失败，message：无效的句柄
2020-11-27 11:28:09,195 [ERROR]: #  生成ecc签名钥对失败，message：无效的句柄
2020-11-27 11:28:09,196 [ERROR]: #  生成ecc签名钥对失败，message：无效的句柄
2020-11-27 11:28:09,196 [ERROR]: #  生成ecc签名钥对失败，message：无效的句柄
2020-11-27 11:28:09,196 [ERROR]: #  生成ecc签名钥对失败，message：无效的句柄
2020-11-27 11:28:09,196 [ERROR]: #  生成ecc签名钥对失败，message：无效的句柄
2020-11-27 11:28:09,196 [ERROR]: #  生成ecc签名钥对失败，message：无效的句柄
2020-11-27 11:28:09,197 [ERROR]: #  生成ecc签名钥对失败，message：无效的句柄
2020-11-27 11:28:09,197 [ERROR]: #  生成ecc签名钥对失败，message：无效的句柄
2020-11-27 11:28:09,197 [ERROR]: #  生成ecc签名钥对失败，message：无效的句柄
2020-11-27 11:28:09,197 [ERROR]: #  生成ecc签名钥对失败，message：无效的句柄
2020-11-27 11:28:09,197 [ERROR]: #  生成ecc签名钥对失败，message：无效的句柄
2020-11-27 11:28:09,198 [ERROR]: #  生成ecc签名钥对失败，message：无效的句柄
2020-11-27 11:28:09,198 [ERROR]: #  生成ecc签名钥对失败，message：无效的句柄
2020-11-27 11:28:09,198 [ERROR]: #  生成ecc签名钥对失败，message：无效的句柄
2020-11-27 11:28:09,198 [ERROR]: #  生成ecc签名钥对失败，message：无效的句柄
2020-11-27 11:28:09,198 [ERROR]: #  生成ecc签名钥对失败，message：无效的句柄
2020-11-27 11:28:09,198 [ERROR]: #  生成ecc签名钥对失败，message：无效的句柄
2020-11-27 11:28:09,199 [ERROR]: #  生成ecc签名钥对失败，message：无效的句柄
2020-11-27 11:28:09,199 [ERROR]: #  生成ecc签名钥对失败，message：无效的句柄
2020-11-27 11:28:09,199 [ERROR]: #  生成ecc签名钥对失败，message：无效的句柄
2020-11-27 11:28:09,199 [ERROR]: #  生成ecc签名钥对失败，message：无效的句柄
2020-11-27 11:28:09,199 [ERROR]: #  生成ecc签名钥对失败，message：无效的句柄
2020-11-27 11:28:09,199 [ERROR]: #  生成ecc签名钥对失败，message：无效的句柄
2020-11-27 11:28:09,199 [ERROR]: #  生成ecc签名钥对失败，message：无效的句柄
2020-11-27 11:28:09,200 [ERROR]: #  生成ecc签名钥对失败，message：无效的句柄
2020-11-27 11:28:09,200 [ERROR]: #  生成ecc签名钥对失败，message：无效的句柄
2020-11-27 11:28:09,200 [ERROR]: #  生成ecc签名钥对失败，message：无效的句柄
2020-11-27 11:28:09,200 [ERROR]: #  生成ecc签名钥对失败，message：无效的句柄
2020-11-27 11:28:09,200 [ERROR]: #  生成ecc签名钥对失败，message：无效的句柄
2020-11-27 11:28:09,200 [ERROR]: #  生成ecc签名钥对失败，message：无效的句柄
2020-11-27 11:28:09,201 [ERROR]: #  生成ecc签名钥对失败，message：无效的句柄
2020-11-27 11:28:09,201 [ERROR]: #  生成ecc签名钥对失败，message：无效的句柄
2020-11-27 11:28:09,201 [ERROR]: #  生成ecc签名钥对失败，message：无效的句柄
2020-11-27 11:28:09,201 [ERROR]: #  生成ecc签名钥对失败，message：无效的句柄
2020-11-27 11:28:09,201 [ERROR]: #  生成ecc签名钥对失败，message：无效的句柄
2020-11-27 11:28:09,201 [ERROR]: #  生成ecc签名钥对失败，message：无效的句柄
2020-11-27 11:28:09,201 [ERROR]: #  生成ecc签名钥对失败，message：无效的句柄
2020-11-27 11:28:09,202 [ERROR]: #  生成ecc签名钥对失败，message：无效的句柄
2020-11-27 11:28:09,202 [ERROR]: #  生成ecc签名钥对失败，message：无效的句柄
2020-11-27 11:28:09,202 [ERROR]: #  生成ecc签名钥对失败，message：无效的句柄
2020-11-27 11:28:09,202 [ERROR]: #  生成ecc签名钥对失败，message：无效的句柄
2020-11-27 11:28:09,202 [ERROR]: #  生成ecc签名钥对失败，message：无效的句柄
2020-11-27 11:28:09,202 [ERROR]: #  生成ecc签名钥对失败，message：无效的句柄
2020-11-27 11:28:09,203 [ERROR]: #  生成ecc签名钥对失败，message：无效的句柄
2020-11-27 11:28:09,203 [ERROR]: #  生成ecc签名钥对失败，message：无效的句柄
2020-11-27 11:28:09,203 [ERROR]: #  生成ecc签名钥对失败，message：无效的句柄
2020-11-27 11:28:09,203 [ERROR]: #  生成ecc签名钥对失败，message：无效的句柄
2020-11-27 11:28:09,203 [ERROR]: #  生成ecc签名钥对失败，message：无效的句柄
2020-11-27 11:28:09,203 [ERROR]: #  生成ecc签名钥对失败，message：无效的句柄
2020-11-27 11:28:09,203 [ERROR]: #  生成ecc签名钥对失败，message：无效的句柄
2020-11-27 11:28:09,204 [ERROR]: #  生成ecc签名钥对失败，message：无效的句柄
2020-11-27 11:28:09,204 [ERROR]: #  生成ecc签名钥对失败，message：无效的句柄
2020-11-27 11:28:09,204 [ERROR]: #  生成ecc签名钥对失败，message：无效的句柄
2020-11-27 11:28:09,204 [ERROR]: #  生成ecc签名钥对失败，message：无效的句柄
2020-11-27 11:28:09,204 [ERROR]: #  生成ecc签名钥对失败，message：无效的句柄
2020-11-27 11:28:09,204 [ERROR]: #  生成ecc签名钥对失败，message：无效的句柄
2020-11-27 11:28:09,205 [ERROR]: #  生成ecc签名钥对失败，message：无效的句柄
2020-11-27 11:28:09,205 [ERROR]: #  生成ecc签名钥对失败，message：无效的句柄
2020-11-27 11:28:09,205 [ERROR]: #  生成ecc签名钥对失败，message：无效的句柄
2020-11-27 11:28:09,205 [ERROR]: #  生成ecc签名钥对失败，message：无效的句柄
2020-11-27 11:28:09,205 [ERROR]: #  生成ecc签名钥对失败，message：无效的句柄
2020-11-27 11:28:09,205 [ERROR]: #  生成ecc签名钥对失败，message：无效的句柄
2020-11-27 11:28:09,205 [ERROR]: #  生成ecc签名钥对失败，message：无效的句柄
2020-11-27 11:28:09,206 [ERROR]: #  生成ecc签名钥对失败，message：无效的句柄
2020-11-27 11:28:09,206 [ERROR]: #  生成ecc签名钥对失败，message：无效的句柄
2020-11-27 11:28:09,206 [ERROR]: #  生成ecc签名钥对失败，message：无效的句柄
2020-11-27 11:28:09,206 [ERROR]: #  生成ecc签名钥对失败，message：无效的句柄
2020-11-27 11:28:09,206 [ERROR]: #  生成ecc签名钥对失败，message：无效的句柄
2020-11-27 11:28:09,206 [ERROR]: #  生成ecc签名钥对失败，message：无效的句柄
2020-11-27 11:28:09,207 [ERROR]: #  生成ecc签名钥对失败，message：无效的句柄
2020-11-27 11:28:09,207 [ERROR]: #  生成ecc签名钥对失败，message：无效的句柄
2020-11-27 11:28:09,207 [ERROR]: #  生成ecc签名钥对失败，message：无效的句柄
2020-11-27 11:28:09,207 [ERROR]: #  生成ecc签名钥对失败，message：无效的句柄
2020-11-27 11:28:09,207 [ERROR]: #  生成ecc签名钥对失败，message：无效的句柄
2020-11-27 11:28:09,207 [ERROR]: #  生成ecc签名钥对失败，message：无效的句柄
2020-11-27 11:28:09,208 [ERROR]: #  生成ecc签名钥对失败，message：无效的句柄
2020-11-27 11:28:09,208 [ERROR]: #  生成ecc签名钥对失败，message：无效的句柄
2020-11-27 11:28:09,208 [ERROR]: #  生成ecc签名钥对失败，message：无效的句柄
2020-11-27 11:28:09,208 [INFO]: #  单次平均执行时间：0 ms
2020-11-27 11:29:14,628 [ERROR]: #  枚举设备失败，message：0
2020-11-27 11:29:14,638 [ERROR]: #  设备连接失败，message：名称长度错误
2020-11-27 11:29:14,638 [ERROR]: #  设备认证失败，message：设备已移除
2020-11-27 11:29:14,660 [ERROR]: #  删除应用失败，message：设备已移除
2020-11-27 11:30:20,177 [ERROR]: #  生成ecc签名钥对失败，message：无效的句柄
2020-11-27 11:30:20,177 [ERROR]: #  生成ecc签名钥对失败，message：无效的句柄
2020-11-27 11:30:20,177 [ERROR]: #  生成ecc签名钥对失败，message：无效的句柄
2020-11-27 11:30:20,177 [ERROR]: #  生成ecc签名钥对失败，message：无效的句柄
2020-11-27 11:30:20,178 [ERROR]: #  生成ecc签名钥对失败，message：无效的句柄
2020-11-27 11:30:20,178 [INFO]: #  单次平均执行时间：0 ms
2020-11-27 11:30:43,498 [ERROR]: #  生成ecc签名钥对失败，message：无效的句柄
2020-11-27 11:30:43,499 [ERROR]: #  生成ecc签名钥对失败，message：无效的句柄
2020-11-27 11:30:43,499 [ERROR]: #  生成ecc签名钥对失败，message：无效的句柄
2020-11-27 11:30:43,499 [ERROR]: #  生成ecc签名钥对失败，message：无效的句柄
2020-11-27 11:30:43,499 [INFO]: #  单次平均执行时间：0 ms
2020-11-27 11:31:56,736 [ERROR]: #  生成ecc签名钥对失败，message：无效的句柄
2020-11-27 11:31:56,736 [ERROR]: #  生成ecc签名钥对失败，message：无效的句柄
2020-11-27 11:31:56,736 [ERROR]: #  生成ecc签名钥对失败，message：无效的句柄
2020-11-27 11:31:56,737 [ERROR]: #  生成ecc签名钥对失败，message：无效的句柄
2020-11-27 11:31:56,737 [INFO]: #  单次平均执行时间：0 ms
2020-11-27 11:32:33,570 [ERROR]: #  生成ecc签名钥对失败，message：无效的句柄
2020-11-27 11:32:33,570 [ERROR]: #  生成ecc签名钥对失败，message：无效的句柄
2020-11-27 11:32:33,571 [ERROR]: #  生成ecc签名钥对失败，message：无效的句柄
2020-11-27 11:32:33,571 [ERROR]: #  生成ecc签名钥对失败，message：无效的句柄
2020-11-27 11:32:33,571 [ERROR]: #  生成ecc签名钥对失败，message：无效的句柄
2020-11-27 11:32:33,571 [ERROR]: #  生成ecc签名钥对失败，message：无效的句柄
2020-11-27 11:32:33,571 [ERROR]: #  生成ecc签名钥对失败，message：无效的句柄
2020-11-27 11:32:33,572 [ERROR]: #  生成ecc签名钥对失败，message：无效的句柄
2020-11-27 11:32:33,572 [ERROR]: #  生成ecc签名钥对失败，message：无效的句柄
2020-11-27 11:32:33,572 [ERROR]: #  生成ecc签名钥对失败，message：无效的句柄
2020-11-27 11:32:33,572 [INFO]: #  单次平均执行时间：0 ms
2020-11-27 11:33:04,645 [ERROR]: #  生成ecc签名钥对失败，message：无效的句柄
2020-11-27 11:33:04,645 [ERROR]: #  生成ecc签名钥对失败，message：无效的句柄
2020-11-27 11:33:04,645 [ERROR]: #  生成ecc签名钥对失败，message：无效的句柄
2020-11-27 11:33:04,645 [ERROR]: #  生成ecc签名钥对失败，message：无效的句柄
2020-11-27 11:33:04,645 [ERROR]: #  生成ecc签名钥对失败，message：无效的句柄
2020-11-27 11:33:04,646 [ERROR]: #  生成ecc签名钥对失败，message：无效的句柄
2020-11-27 11:33:04,646 [ERROR]: #  生成ecc签名钥对失败，message：无效的句柄
2020-11-27 11:33:04,646 [ERROR]: #  生成ecc签名钥对失败，message：无效的句柄
2020-11-27 11:33:04,646 [ERROR]: #  生成ecc签名钥对失败，message：无效的句柄
2020-11-27 11:33:04,646 [ERROR]: #  生成ecc签名钥对失败，message：无效的句柄
2020-11-27 11:33:04,646 [INFO]: #  单次平均执行时间：0 ms
2020-11-27 11:34:31,315 [ERROR]: #  生成ecc签名钥对失败，message：无效的句柄
2020-11-27 11:34:31,315 [INFO]: #  单次平均执行时间：0 ms
2020-11-27 11:34:53,453 [ERROR]: #  生成ecc签名钥对失败，message：无效的句柄
2020-11-27 11:34:53,453 [INFO]: #  单次平均执行时间：0 ms
2020-11-27 11:35:46,361 [ERROR]: #  生成ecc签名钥对失败，message：无效的句柄
2020-11-27 11:35:46,361 [INFO]: #  单次平均执行时间：0 ms
2020-11-27 11:36:13,898 [ERROR]: #  生成ecc签名钥对失败，message：无效的句柄
2020-11-27 11:36:13,898 [INFO]: #  单次平均执行时间：0 ms
2020-11-27 11:37:10,159 [ERROR]: #  生成ecc签名钥对失败，message：无效的句柄
2020-11-27 11:37:10,159 [ERROR]: #  生成ecc签名钥对失败，message：无效的句柄
2020-11-27 11:37:10,159 [ERROR]: #  生成ecc签名钥对失败，message：无效的句柄
2020-11-27 11:37:10,159 [ERROR]: #  生成ecc签名钥对失败，message：无效的句柄
2020-11-27 11:37:10,160 [ERROR]: #  生成ecc签名钥对失败，message：无效的句柄
2020-11-27 11:37:10,160 [ERROR]: #  生成ecc签名钥对失败，message：无效的句柄
2020-11-27 11:37:10,160 [ERROR]: #  生成ecc签名钥对失败，message：无效的句柄
2020-11-27 11:37:10,160 [ERROR]: #  生成ecc签名钥对失败，message：无效的句柄
2020-11-27 11:37:10,160 [ERROR]: #  生成ecc签名钥对失败，message：无效的句柄
2020-11-27 11:37:10,161 [ERROR]: #  生成ecc签名钥对失败，message：无效的句柄
2020-11-27 11:37:10,161 [ERROR]: #  生成ecc签名钥对失败，message：无效的句柄
2020-11-27 11:37:10,161 [INFO]: #  单次平均执行时间：0 ms
2020-11-27 11:37:57,770 [ERROR]: #  生成ecc签名钥对失败，message：无效的句柄
2020-11-27 11:37:57,771 [ERROR]: #  生成ecc签名钥对失败，message：无效的句柄
2020-11-27 11:37:57,771 [ERROR]: #  生成ecc签名钥对失败，message：无效的句柄
2020-11-27 11:37:57,771 [ERROR]: #  生成ecc签名钥对失败，message：无效的句柄
2020-11-27 11:37:57,771 [ERROR]: #  生成ecc签名钥对失败，message：无效的句柄
2020-11-27 11:37:57,772 [ERROR]: #  生成ecc签名钥对失败，message：无效的句柄
2020-11-27 11:37:57,772 [ERROR]: #  生成ecc签名钥对失败，message：无效的句柄
2020-11-27 11:37:57,772 [ERROR]: #  生成ecc签名钥对失败，message：无效的句柄
2020-11-27 11:37:57,772 [ERROR]: #  生成ecc签名钥对失败，message：无效的句柄
2020-11-27 11:37:57,772 [ERROR]: #  生成ecc签名钥对失败，message：无效的句柄
2020-11-27 11:37:57,772 [ERROR]: #  生成ecc签名钥对失败，message：无效的句柄
2020-11-27 11:37:57,772 [INFO]: #  单次平均执行时间：0 ms
2020-11-27 11:42:31,808 [ERROR]: #  生成ecc签名钥对失败，message：无效的句柄
2020-11-27 11:42:31,808 [ERROR]: #  生成ecc签名钥对失败，message：无效的句柄
2020-11-27 11:42:31,808 [ERROR]: #  生成ecc签名钥对失败，message：无效的句柄
2020-11-27 11:42:31,808 [ERROR]: #  生成ecc签名钥对失败，message：无效的句柄
2020-11-27 11:42:31,809 [ERROR]: #  生成ecc签名钥对失败，message：无效的句柄
2020-11-27 11:42:31,809 [ERROR]: #  生成ecc签名钥对失败，message：无效的句柄
2020-11-27 11:42:31,809 [ERROR]: #  生成ecc签名钥对失败，message：无效的句柄
2020-11-27 11:42:31,809 [ERROR]: #  生成ecc签名钥对失败，message：无效的句柄
2020-11-27 11:42:31,809 [ERROR]: #  生成ecc签名钥对失败，message：无效的句柄
2020-11-27 11:42:31,809 [ERROR]: #  生成ecc签名钥对失败，message：无效的句柄
2020-11-27 11:42:31,810 [INFO]: #  单次平均执行时间：0 ms
2020-11-27 11:42:58,801 [ERROR]: #  Ecc签名失败，message：无效的句柄
2020-11-27 11:42:58,801 [ERROR]: #  Ecc签名失败，message：无效的句柄
2020-11-27 11:42:58,801 [ERROR]: #  Ecc签名失败，message：无效的句柄
2020-11-27 11:42:58,802 [ERROR]: #  Ecc签名失败，message：无效的句柄
2020-11-27 11:42:58,802 [ERROR]: #  Ecc签名失败，message：无效的句柄
2020-11-27 11:42:58,802 [ERROR]: #  Ecc签名失败，message：无效的句柄
2020-11-27 11:42:58,802 [ERROR]: #  Ecc签名失败，message：无效的句柄
2020-11-27 11:42:58,802 [ERROR]: #  Ecc签名失败，message：无效的句柄
2020-11-27 11:42:58,802 [ERROR]: #  Ecc签名失败，message：无效的句柄
2020-11-27 11:42:58,802 [ERROR]: #  Ecc签名失败，message：无效的句柄
2020-11-27 11:42:58,803 [INFO]: #  单次平均执行时间：0 ms
2020-11-27 11:43:29,480 [ERROR]: #  导出签名公钥失败,message:引用的容器不存在
2020-11-27 11:44:25,477 [ERROR]: #  导出签名公钥失败,message:引用的容器不存在
2020-11-27 11:44:29,357 [ERROR]: #  导出签名公钥失败,message:引用的容器不存在
2020-11-27 11:44:30,238 [ERROR]: #  导出签名公钥失败,message:引用的容器不存在
2020-11-27 11:44:47,704 [ERROR]: #  ECC外来公钥加密失败，message：设备已移除
2020-11-27 11:44:47,705 [ERROR]: #  ECC外来公钥加密失败，message：设备已移除
2020-11-27 11:44:47,705 [ERROR]: #  ECC外来公钥加密失败，message：设备已移除
2020-11-27 11:44:47,705 [ERROR]: #  ECC外来公钥加密失败，message：设备已移除
2020-11-27 11:44:47,705 [ERROR]: #  ECC外来公钥加密失败，message：设备已移除
2020-11-27 11:44:47,705 [ERROR]: #  ECC外来公钥加密失败，message：设备已移除
2020-11-27 11:44:47,705 [ERROR]: #  ECC外来公钥加密失败，message：设备已移除
2020-11-27 11:44:47,705 [ERROR]: #  ECC外来公钥加密失败，message：设备已移除
2020-11-27 11:44:47,705 [ERROR]: #  ECC外来公钥加密失败，message：设备已移除
2020-11-27 11:44:47,706 [ERROR]: #  ECC外来公钥加密失败，message：设备已移除
2020-11-27 11:44:47,706 [ERROR]: #  ECC外来公钥加密失败，message：设备已移除
2020-11-27 11:44:47,706 [INFO]: #  单次平均执行时间：0 ms
2020-11-27 11:44:49,573 [ERROR]: #  导出加密公钥失败,message:引用的容器不存在
2020-11-27 11:44:49,574 [ERROR]: #  生成导出会话密钥失败，message：失败
2020-11-27 11:44:49,574 [ERROR]: #  销毁会话密钥失败，message：无效的句柄
2020-11-27 11:44:51,138 [ERROR]: #  导入会话密钥失败，message：引用的容器不存在
2020-11-27 11:44:51,138 [ERROR]: #  销毁会话密钥失败，message：无效的句柄
2020-11-27 11:44:51,140 [ERROR]: #  导入会话密钥失败，message：引用的容器不存在
2020-11-27 11:44:51,140 [ERROR]: #  销毁会话密钥失败，message：无效的句柄
2020-11-27 11:44:51,142 [ERROR]: #  导入会话密钥失败，message：引用的容器不存在
2020-11-27 11:44:51,142 [ERROR]: #  销毁会话密钥失败，message：无效的句柄
2020-11-27 11:44:51,144 [ERROR]: #  导入会话密钥失败，message：引用的容器不存在
2020-11-27 11:44:51,144 [ERROR]: #  销毁会话密钥失败，message：无效的句柄
2020-11-27 11:44:51,146 [ERROR]: #  导入会话密钥失败，message：引用的容器不存在
2020-11-27 11:44:51,146 [ERROR]: #  销毁会话密钥失败，message：无效的句柄
2020-11-27 11:44:51,147 [ERROR]: #  导入会话密钥失败，message：引用的容器不存在
2020-11-27 11:44:51,147 [ERROR]: #  销毁会话密钥失败，message：无效的句柄
2020-11-27 11:44:51,149 [ERROR]: #  导入会话密钥失败，message：引用的容器不存在
2020-11-27 11:44:51,150 [ERROR]: #  销毁会话密钥失败，message：无效的句柄
2020-11-27 11:44:51,151 [ERROR]: #  导入会话密钥失败，message：引用的容器不存在
2020-11-27 11:44:51,151 [ERROR]: #  销毁会话密钥失败，message：无效的句柄
2020-11-27 11:44:51,153 [ERROR]: #  导入会话密钥失败，message：引用的容器不存在
2020-11-27 11:44:51,153 [ERROR]: #  销毁会话密钥失败，message：无效的句柄
2020-11-27 11:44:51,155 [ERROR]: #  导入会话密钥失败，message：引用的容器不存在
2020-11-27 11:44:51,155 [ERROR]: #  销毁会话密钥失败，message：无效的句柄
2020-11-27 11:44:51,156 [ERROR]: #  导入会话密钥失败，message：引用的容器不存在
2020-11-27 11:44:51,157 [ERROR]: #  销毁会话密钥失败，message：无效的句柄
2020-11-27 11:44:51,157 [INFO]: #  单次平均执行时间：0 ms
2020-11-27 11:47:02,312 [ERROR]: #  密码杂凑初始化失败，message：设备已移除
2020-11-27 11:47:33,307 [ERROR]: #  解密初始化失败，message：无效的句柄
2020-11-27 11:47:33,307 [ERROR]: #  多组数据解密失败，message：无效的句柄
2020-11-27 11:47:33,308 [ERROR]: #  结束解密失败，message：无效的句柄
2020-11-27 12:05:52,548 [ERROR]: #  写文件失败，message：无效的句柄
2020-11-27 12:05:52,548 [ERROR]: #  写文件失败，message：无效的句柄
2020-11-27 12:05:52,549 [ERROR]: #  写文件失败，message：无效的句柄
2020-11-27 12:05:52,549 [ERROR]: #  写文件失败，message：无效的句柄
2020-11-27 12:05:52,549 [ERROR]: #  写文件失败，message：无效的句柄
2020-11-27 12:05:52,549 [ERROR]: #  写文件失败，message：无效的句柄
2020-11-27 12:05:52,550 [ERROR]: #  写文件失败，message：无效的句柄
2020-11-27 12:05:52,550 [ERROR]: #  写文件失败，message：无效的句柄
2020-11-27 12:05:52,550 [ERROR]: #  写文件失败，message：无效的句柄
2020-11-27 12:05:52,550 [ERROR]: #  写文件失败，message：无效的句柄
2020-11-27 12:05:52,550 [ERROR]: #  写文件失败，message：无效的句柄
2020-11-27 12:05:52,551 [ERROR]: #  写文件失败，message：无效的句柄
2020-11-27 12:05:52,551 [ERROR]: #  写文件失败，message：无效的句柄
2020-11-27 12:05:52,551 [ERROR]: #  写文件失败，message：无效的句柄
2020-11-27 12:05:52,551 [ERROR]: #  写文件失败，message：无效的句柄
2020-11-27 12:05:52,551 [ERROR]: #  写文件失败，message：无效的句柄
2020-11-27 12:05:52,552 [ERROR]: #  写文件失败，message：无效的句柄
2020-11-27 12:05:52,552 [ERROR]: #  写文件失败，message：无效的句柄
2020-11-27 12:05:52,552 [ERROR]: #  写文件失败，message：无效的句柄
2020-11-27 12:05:52,552 [ERROR]: #  写文件失败，message：无效的句柄
2020-11-27 12:05:52,552 [ERROR]: #  写文件失败，message：无效的句柄
2020-11-27 12:05:52,552 [ERROR]: #  写文件失败，message：无效的句柄
2020-11-27 12:05:52,552 [ERROR]: #  写文件失败，message：无效的句柄
2020-11-27 12:05:52,553 [ERROR]: #  写文件失败，message：无效的句柄
2020-11-27 12:05:52,553 [ERROR]: #  写文件失败，message：无效的句柄
2020-11-27 12:05:52,553 [ERROR]: #  写文件失败，message：无效的句柄
2020-11-27 12:05:52,553 [ERROR]: #  写文件失败，message：无效的句柄
2020-11-27 12:05:52,553 [ERROR]: #  写文件失败，message：无效的句柄
2020-11-27 12:05:52,553 [ERROR]: #  写文件失败，message：无效的句柄
2020-11-27 12:05:52,554 [ERROR]: #  写文件失败，message：无效的句柄
2020-11-27 12:05:52,554 [ERROR]: #  写文件失败，message：无效的句柄
2020-11-27 12:05:52,554 [ERROR]: #  写文件失败，message：无效的句柄
2020-11-27 12:05:52,554 [ERROR]: #  写文件失败，message：无效的句柄
2020-11-27 12:05:52,554 [ERROR]: #  写文件失败，message：无效的句柄
2020-11-27 12:05:52,554 [ERROR]: #  写文件失败，message：无效的句柄
2020-11-27 12:05:52,555 [ERROR]: #  写文件失败，message：无效的句柄
2020-11-27 12:05:52,555 [ERROR]: #  写文件失败，message：无效的句柄
2020-11-27 12:05:52,555 [ERROR]: #  写文件失败，message：无效的句柄
2020-11-27 12:05:52,555 [ERROR]: #  写文件失败，message：无效的句柄
2020-11-27 12:05:52,555 [ERROR]: #  写文件失败，message：无效的句柄
2020-11-27 12:05:52,555 [ERROR]: #  写文件失败，message：无效的句柄
2020-11-27 12:05:52,556 [ERROR]: #  写文件失败，message：无效的句柄
2020-11-27 12:05:52,556 [ERROR]: #  写文件失败，message：无效的句柄
2020-11-27 12:05:52,556 [ERROR]: #  写文件失败，message：无效的句柄
2020-11-27 12:05:52,556 [ERROR]: #  写文件失败，message：无效的句柄
2020-11-27 12:05:52,556 [ERROR]: #  写文件失败，message：无效的句柄
2020-11-27 12:05:52,556 [ERROR]: #  写文件失败，message：无效的句柄
2020-11-27 12:05:52,557 [ERROR]: #  写文件失败，message：无效的句柄
2020-11-27 12:05:52,557 [ERROR]: #  写文件失败，message：无效的句柄
2020-11-27 12:05:52,557 [ERROR]: #  写文件失败，message：无效的句柄
2020-11-27 12:05:52,557 [ERROR]: #  写文件失败，message：无效的句柄
2020-11-27 12:05:52,557 [ERROR]: #  写文件失败，message：无效的句柄
2020-11-27 12:05:52,558 [ERROR]: #  写文件失败，message：无效的句柄
2020-11-27 12:05:52,558 [ERROR]: #  写文件失败，message：无效的句柄
2020-11-27 12:05:52,558 [ERROR]: #  写文件失败，message：无效的句柄
2020-11-27 12:05:52,558 [ERROR]: #  写文件失败，message：无效的句柄
2020-11-27 12:05:52,558 [ERROR]: #  写文件失败，message：无效的句柄
2020-11-27 12:05:52,558 [ERROR]: #  写文件失败，message：无效的句柄
2020-11-27 12:05:52,559 [ERROR]: #  写文件失败，message：无效的句柄
2020-11-27 12:05:52,559 [ERROR]: #  写文件失败，message：无效的句柄
2020-11-27 12:05:52,559 [ERROR]: #  写文件失败，message：无效的句柄
2020-11-27 12:05:52,559 [ERROR]: #  写文件失败，message：无效的句柄
2020-11-27 12:05:52,559 [ERROR]: #  写文件失败，message：无效的句柄
2020-11-27 12:05:52,559 [ERROR]: #  写文件失败，message：无效的句柄
2020-11-27 12:05:52,560 [ERROR]: #  写文件失败，message：无效的句柄
2020-11-27 12:05:52,560 [ERROR]: #  写文件失败，message：无效的句柄
2020-11-27 12:05:52,560 [ERROR]: #  写文件失败，message：无效的句柄
2020-11-27 12:05:52,560 [ERROR]: #  写文件失败，message：无效的句柄
2020-11-27 12:05:52,560 [ERROR]: #  写文件失败，message：无效的句柄
2020-11-27 12:05:52,560 [ERROR]: #  写文件失败，message：无效的句柄
2020-11-27 12:05:52,560 [ERROR]: #  写文件失败，message：无效的句柄
2020-11-27 12:05:52,561 [ERROR]: #  写文件失败，message：无效的句柄
2020-11-27 12:05:52,561 [ERROR]: #  写文件失败，message：无效的句柄
2020-11-27 12:05:52,561 [ERROR]: #  写文件失败，message：无效的句柄
2020-11-27 12:05:52,561 [ERROR]: #  写文件失败，message：无效的句柄
2020-11-27 12:05:52,561 [ERROR]: #  写文件失败，message：无效的句柄
2020-11-27 12:05:52,561 [ERROR]: #  写文件失败，message：无效的句柄
2020-11-27 12:05:52,562 [ERROR]: #  写文件失败，message：无效的句柄
2020-11-27 12:05:52,562 [ERROR]: #  写文件失败，message：无效的句柄
2020-11-27 12:05:52,562 [ERROR]: #  写文件失败，message：无效的句柄
2020-11-27 12:05:52,562 [ERROR]: #  写文件失败，message：无效的句柄
2020-11-27 12:05:52,562 [ERROR]: #  写文件失败，message：无效的句柄
2020-11-27 12:05:52,563 [ERROR]: #  写文件失败，message：无效的句柄
2020-11-27 12:05:52,563 [ERROR]: #  写文件失败，message：无效的句柄
2020-11-27 12:05:52,563 [ERROR]: #  写文件失败，message：无效的句柄
2020-11-27 12:05:52,563 [ERROR]: #  写文件失败，message：无效的句柄
2020-11-27 12:05:52,563 [ERROR]: #  写文件失败，message：无效的句柄
2020-11-27 12:05:52,564 [ERROR]: #  写文件失败，message：无效的句柄
2020-11-27 12:05:52,564 [ERROR]: #  写文件失败，message：无效的句柄
2020-11-27 12:05:52,564 [ERROR]: #  写文件失败，message：无效的句柄
2020-11-27 12:05:52,564 [ERROR]: #  写文件失败，message：无效的句柄
2020-11-27 12:05:52,564 [ERROR]: #  写文件失败，message：无效的句柄
2020-11-27 12:05:52,565 [ERROR]: #  写文件失败，message：无效的句柄
2020-11-27 12:05:52,565 [ERROR]: #  写文件失败，message：无效的句柄
2020-11-27 12:05:52,565 [ERROR]: #  写文件失败，message：无效的句柄
2020-11-27 12:05:52,565 [ERROR]: #  写文件失败，message：无效的句柄
2020-11-27 12:05:52,565 [ERROR]: #  写文件失败，message：无效的句柄
2020-11-27 12:05:52,565 [ERROR]: #  写文件失败，message：无效的句柄
2020-11-27 12:05:52,566 [ERROR]: #  写文件失败，message：无效的句柄
2020-11-27 12:05:52,566 [ERROR]: #  写文件失败，message：无效的句柄
2020-11-27 12:05:52,566 [ERROR]: #  写文件失败，message：无效的句柄
2020-11-27 12:05:52,566 [ERROR]: #  写文件失败，message：无效的句柄
2020-11-27 12:05:52,566 [ERROR]: #  写文件失败，message：无效的句柄
2020-11-27 12:05:52,566 [ERROR]: #  写文件失败，message：无效的句柄
2020-11-27 12:05:52,567 [ERROR]: #  写文件失败，message：无效的句柄
2020-11-27 12:05:52,567 [ERROR]: #  写文件失败，message：无效的句柄
2020-11-27 12:05:52,567 [ERROR]: #  写文件失败，message：无效的句柄
2020-11-27 12:05:52,567 [ERROR]: #  写文件失败，message：无效的句柄
2020-11-27 12:05:52,567 [ERROR]: #  写文件失败，message：无效的句柄
2020-11-27 12:05:52,567 [ERROR]: #  写文件失败，message：无效的句柄
2020-11-27 12:05:52,568 [ERROR]: #  写文件失败，message：无效的句柄
2020-11-27 12:05:52,568 [ERROR]: #  写文件失败，message：无效的句柄
2020-11-27 12:05:52,568 [ERROR]: #  写文件失败，message：无效的句柄
2020-11-27 12:05:52,568 [ERROR]: #  写文件失败，message：无效的句柄
2020-11-27 12:05:52,568 [ERROR]: #  写文件失败，message：无效的句柄
2020-11-27 12:05:52,568 [ERROR]: #  写文件失败，message：无效的句柄
2020-11-27 12:05:52,568 [ERROR]: #  写文件失败，message：无效的句柄
2020-11-27 12:05:52,569 [ERROR]: #  写文件失败，message：无效的句柄
2020-11-27 12:05:52,569 [ERROR]: #  写文件失败，message：无效的句柄
2020-11-27 12:05:52,569 [ERROR]: #  写文件失败，message：无效的句柄
2020-11-27 12:05:52,569 [ERROR]: #  写文件失败，message：无效的句柄
2020-11-27 12:05:52,569 [ERROR]: #  写文件失败，message：无效的句柄
2020-11-27 12:05:52,570 [ERROR]: #  写文件失败，message：无效的句柄
2020-11-27 12:05:52,570 [ERROR]: #  写文件失败，message：无效的句柄
2020-11-27 12:05:52,570 [ERROR]: #  写文件失败，message：无效的句柄
2020-11-27 12:05:52,570 [ERROR]: #  写文件失败，message：无效的句柄
2020-11-27 12:05:52,570 [ERROR]: #  写文件失败，message：无效的句柄
2020-11-27 12:05:52,571 [ERROR]: #  写文件失败，message：无效的句柄
2020-11-27 12:05:52,571 [ERROR]: #  写文件失败，message：无效的句柄
2020-11-27 12:05:52,571 [ERROR]: #  写文件失败，message：无效的句柄
2020-11-27 12:05:52,571 [ERROR]: #  写文件失败，message：无效的句柄
2020-11-27 12:05:52,571 [ERROR]: #  写文件失败，message：无效的句柄
2020-11-27 12:05:52,571 [ERROR]: #  写文件失败，message：无效的句柄
2020-11-27 12:05:52,571 [ERROR]: #  写文件失败，message：无效的句柄
2020-11-27 12:05:52,572 [ERROR]: #  写文件失败，message：无效的句柄
2020-11-27 12:05:52,572 [ERROR]: #  写文件失败，message：无效的句柄
2020-11-27 12:05:52,572 [ERROR]: #  写文件失败，message：无效的句柄
2020-11-27 12:05:52,572 [ERROR]: #  写文件失败，message：无效的句柄
2020-11-27 12:05:52,572 [ERROR]: #  写文件失败，message：无效的句柄
2020-11-27 12:05:52,572 [ERROR]: #  写文件失败，message：无效的句柄
2020-11-27 12:05:52,573 [ERROR]: #  写文件失败，message：无效的句柄
2020-11-27 12:05:52,573 [ERROR]: #  写文件失败，message：无效的句柄
2020-11-27 12:05:52,573 [ERROR]: #  写文件失败，message：无效的句柄
2020-11-27 12:05:52,573 [ERROR]: #  写文件失败，message：无效的句柄
2020-11-27 12:05:52,573 [ERROR]: #  写文件失败，message：无效的句柄
2020-11-27 12:05:52,574 [ERROR]: #  写文件失败，message：无效的句柄
2020-11-27 12:05:52,574 [ERROR]: #  写文件失败，message：无效的句柄
2020-11-27 12:05:52,574 [ERROR]: #  写文件失败，message：无效的句柄
2020-11-27 12:05:52,574 [ERROR]: #  写文件失败，message：无效的句柄
2020-11-27 12:05:52,574 [ERROR]: #  写文件失败，message：无效的句柄
2020-11-27 12:05:52,575 [ERROR]: #  写文件失败，message：无效的句柄
2020-11-27 12:05:52,575 [ERROR]: #  写文件失败，message：无效的句柄
2020-11-27 12:05:52,575 [ERROR]: #  写文件失败，message：无效的句柄
2020-11-27 12:05:52,575 [ERROR]: #  写文件失败，message：无效的句柄
2020-11-27 12:05:52,575 [ERROR]: #  写文件失败，message：无效的句柄
2020-11-27 12:05:52,575 [ERROR]: #  写文件失败，message：无效的句柄
2020-11-27 12:05:52,576 [ERROR]: #  写文件失败，message：无效的句柄
2020-11-27 12:05:52,576 [ERROR]: #  写文件失败，message：无效的句柄
2020-11-27 12:05:52,576 [ERROR]: #  写文件失败，message：无效的句柄
2020-11-27 12:05:52,576 [ERROR]: #  写文件失败，message：无效的句柄
2020-11-27 12:05:52,576 [INFO]: #  SKF_WriteFile time：28 ms
2020-11-27 12:05:52,576 [INFO]: #  SKF_WriteFile speed：701.754386 KB/s
2020-11-27 12:10:03,774 [ERROR]: #  写文件失败，message：无效的句柄
2020-11-27 12:10:12,362 [ERROR]: #  解密初始化失败，message：无效的句柄
2020-11-27 12:10:12,363 [ERROR]: #  多组数据解密失败，message：无效的句柄
2020-11-27 12:10:12,363 [ERROR]: #  结束解密失败，message：无效的句柄
2020-11-27 12:10:13,930 [ERROR]: #  加密初始化失败，message：无效的句柄
2020-11-27 12:10:13,930 [ERROR]: #  多组数据加密失败，message：无效的句柄
2020-11-27 12:10:13,930 [ERROR]: #  结束加密，message:无效的句柄
2020-11-27 12:10:14,714 [ERROR]: #  密码杂凑初始化失败，message：设备已移除
2020-11-27 12:10:15,616 [ERROR]: #  导出加密公钥失败,message:引用的容器不存在
2020-11-27 12:10:15,617 [ERROR]: #  生成导出会话密钥失败，message：失败
2020-11-27 12:10:15,617 [ERROR]: #  销毁会话密钥失败，message：无效的句柄
2020-11-27 12:10:21,625 [ERROR]: #  导出签名公钥失败,message:引用的容器不存在
2020-11-27 12:10:23,232 [ERROR]: #  导出签名公钥失败,message:引用的容器不存在
2020-11-27 12:12:03,680 [ERROR]: #  读取文件失败，message：无效的句柄
2020-11-27 12:25:25,188 [ERROR]: #  导入实体标识失败，code=无效的句柄
2020-11-27 13:24:55,671 [ERROR]: #  生成ecc签名钥对失败，message：无效的句柄
2020-11-27 13:24:55,690 [ERROR]: #  生成ecc签名钥对失败，message：无效的句柄
2020-11-27 13:24:55,691 [ERROR]: #  生成ecc签名钥对失败，message：无效的句柄
2020-11-27 13:24:55,691 [ERROR]: #  生成ecc签名钥对失败，message：无效的句柄
2020-11-27 13:24:55,691 [ERROR]: #  生成ecc签名钥对失败，message：无效的句柄
2020-11-27 13:24:55,691 [ERROR]: #  生成ecc签名钥对失败，message：无效的句柄
2020-11-27 13:24:55,691 [ERROR]: #  生成ecc签名钥对失败，message：无效的句柄
2020-11-27 13:24:55,692 [ERROR]: #  生成ecc签名钥对失败，message：无效的句柄
2020-11-27 13:24:55,692 [ERROR]: #  生成ecc签名钥对失败，message：无效的句柄
2020-11-27 13:24:55,692 [ERROR]: #  生成ecc签名钥对失败，message：无效的句柄
2020-11-27 13:24:55,692 [ERROR]: #  生成ecc签名钥对失败，message：无效的句柄
2020-11-27 13:24:55,692 [ERROR]: #  生成ecc签名钥对失败，message：无效的句柄
2020-11-27 13:24:55,716 [INFO]: #  单次平均执行时间：0 ms
2020-11-27 13:28:10,748 [ERROR]: #  枚举设备失败，message：0
2020-11-27 13:28:12,262 [ERROR]: #  修改设备认证密钥失败，message：设备已移除
2020-11-27 13:28:14,064 [ERROR]: #  设备连接失败，message：名称长度错误
2020-11-27 13:28:16,152 [ERROR]: #  设备认证失败，message：设备已移除
2020-11-27 13:28:18,236 [ERROR]: #  容器创建失败，message：失败
2020-11-27 13:33:32,623 [ERROR]: #  修改用户PIN失败，message：设备已移除
2020-11-27 13:34:10,467 [ERROR]: #  修改设备认证密钥失败，message：设备已移除
2020-11-27 13:51:35,169 [ERROR]: #  枚举设备失败，message：0
2020-11-27 13:51:35,169 [ERROR]: #  设备连接失败，message：名称长度错误
2020-11-27 13:51:35,170 [ERROR]: #  设备认证失败，message：设备已移除
2020-11-27 13:51:35,170 [ERROR]: #  删除应用失败，message：设备已移除
2020-11-27 15:07:18,396 [ERROR]: #  枚举设备失败，message：0
2020-11-27 15:07:20,987 [ERROR]: #  修改设备认证密钥失败，message：设备已移除
2020-11-27 15:07:22,025 [ERROR]: #  枚举应用失败，message：设备已移除
2020-11-27 15:07:23,160 [ERROR]: #  容器创建失败，message：失败
2020-11-27 15:07:31,838 [ERROR]: #  容器创建失败，message：失败
2020-11-27 15:18:50,912 [ERROR]: #  枚举设备失败，message：0
2020-11-27 15:53:42,456 [ERROR]: #  枚举设备失败，message：0
2020-11-27 15:53:51,380 [ERROR]: #  打开容器失败，message：失败
2020-11-27 15:56:47,820 [ERROR]: #  枚举设备失败，message：0
2020-11-27 15:56:49,614 [ERROR]: #  修改设备认证密钥失败，message：设备已移除
2020-11-27 15:56:50,420 [ERROR]: #  枚举应用失败，message：设备已移除
2020-11-27 15:56:51,017 [ERROR]: #  容器创建失败，message：失败
2020-11-27 16:20:34,245 [ERROR]: #  枚举设备失败，message：0
2020-11-27 16:44:00,779 [ERROR]: #  type object 'load_lib' has no attribute 'gmSKF_EnumDev'
Traceback (most recent call last):
  File "F:\Test\UKtool\crypto_service\device.py", line 21, in SKF_EnumDev
    code = load_lib.gmSKF_EnumDev(bPresent, szNameList, pulSize)
AttributeError: type object 'load_lib' has no attribute 'gmSKF_EnumDev'
2020-11-27 16:46:54,527 [ERROR]: #  type object 'load_lib' has no attribute 'gm'
Traceback (most recent call last):
  File "F:\Test\UKtool\crypto_service\device.py", line 21, in SKF_EnumDev
    code = load_lib.gm.SKF_EnumDev(bPresent, szNameList, pulSize)
AttributeError: type object 'load_lib' has no attribute 'gm'
2020-11-27 16:47:45,818 [ERROR]: #  type object 'load_lib' has no attribute 'gm'
Traceback (most recent call last):
  File "F:\Test\UKtool\crypto_service\device.py", line 21, in SKF_EnumDev
    code = load_lib.gm.SKF_EnumDev(bPresent, szNameList, pulSize)
AttributeError: type object 'load_lib' has no attribute 'gm'
2020-11-27 16:49:10,745 [ERROR]: #  type object 'load_lib' has no attribute 'gm'
Traceback (most recent call last):
  File "F:\Test\UKtool\crypto_service\device.py", line 21, in SKF_EnumDev
    code = load_lib.gm.SKF_EnumDev(bPresent, szNameList, pulSize)
AttributeError: type object 'load_lib' has no attribute 'gm'
2020-11-27 16:49:54,740 [ERROR]: #  'function' object has no attribute 'SKF_EnumDev'
Traceback (most recent call last):
  File "F:\Test\UKtool\crypto_service\device.py", line 21, in SKF_EnumDev
    code = load_lib.gm.SKF_EnumDev(bPresent, szNameList, pulSize)
AttributeError: 'function' object has no attribute 'SKF_EnumDev'
2020-11-27 16:50:49,799 [ERROR]: #  'function' object has no attribute 'SKF_EnumDev'
Traceback (most recent call last):
  File "F:\Test\UKtool\crypto_service\device.py", line 21, in SKF_EnumDev
    code = load_lib.gm.SKF_EnumDev(bPresent, szNameList, pulSize)
AttributeError: 'function' object has no attribute 'SKF_EnumDev'
2020-11-27 16:54:15,040 [ERROR]: #  枚举设备失败，message：0
2020-11-27 16:56:59,108 [ERROR]: #  枚举设备失败，message：0
2020-11-27 16:57:01,637 [ERROR]: #  修改设备认证密钥失败，message：设备已移除
2020-11-27 17:05:29,816 [ERROR]: #  枚举设备失败，message：0
2020-11-27 17:22:48,038 [ERROR]: #  枚举设备失败，message：0
2020-11-27 17:22:52,343 [ERROR]: #  修改设备认证密钥失败，message：设备已移除
2020-11-27 17:26:16,507 [ERROR]: #  [Errno 2] No such file or directory: 'fsf'
Traceback (most recent call last):
  File "F:\Test\UKtool\crypto_service\iki.py", line 50, in SKF_ImportPubMatrix
    with open(path, 'rb+') as f:
FileNotFoundError: [Errno 2] No such file or directory: 'fsf'
2020-11-27 17:27:27,161 [ERROR]: #  name 'QFileDialog' is not defined
Traceback (most recent call last):
  File "F:\Test\UKtool\crypto_service\iki.py", line 50, in SKF_ImportPubMatrix
    path, filetype = QFileDialog.getOpenFileName(self,
NameError: name 'QFileDialog' is not defined
2020-11-27 17:27:43,480 [ERROR]: #  'Test' object has no attribute 'cwd'
Traceback (most recent call last):
  File "F:\Test\UKtool\crypto_service\iki.py", line 52, in SKF_ImportPubMatrix
    self.cwd,  # 起始路径
AttributeError: 'Test' object has no attribute 'cwd'
2020-11-27 17:28:16,091 [ERROR]: #  导入矩阵失败，code=无效的句柄
2020-11-27 17:29:05,322 [ERROR]: #  [Errno 13] Permission denied: 'F:/Test/UKtool/GUOMI.dll'
Traceback (most recent call last):
  File "F:\Test\UKtool\crypto_service\iki.py", line 51, in SKF_ImportPubMatrix
    with open(path, 'rb+') as f:
PermissionError: [Errno 13] Permission denied: 'F:/Test/UKtool/GUOMI.dll'
2020-11-27 17:29:34,206 [ERROR]: #  [Errno 13] Permission denied: 'F:/Test/UKtool/GUOMI.dll'
Traceback (most recent call last):
  File "F:\Test\UKtool\crypto_service\iki.py", line 51, in SKF_ImportPubMatrix
    with open(path, 'rb+') as f:
PermissionError: [Errno 13] Permission denied: 'F:/Test/UKtool/GUOMI.dll'
2020-11-27 17:29:51,814 [ERROR]: #  导入矩阵失败，code=无效的句柄
2020-11-27 17:36:06,399 [ERROR]: #  导出加密公钥失败,message:引用的容器不存在
2020-11-27 17:36:06,400 [ERROR]: #  生成导出会话密钥失败，message：失败
2020-11-27 17:36:06,401 [ERROR]: #  销毁会话密钥失败，message：无效的句柄
2020-11-27 17:36:08,254 [ERROR]: #  密码杂凑初始化失败，message：设备已移除
2020-11-27 17:36:35,966 [ERROR]: #  导出加密公钥失败,message:引用的容器不存在
2020-11-27 17:36:35,967 [ERROR]: #  生成导出会话密钥失败，message：失败
2020-11-27 17:36:35,968 [ERROR]: #  销毁会话密钥失败，message：无效的句柄
2020-11-27 17:36:37,733 [ERROR]: #  密码杂凑初始化失败，message：设备已移除
2020-11-27 17:36:38,628 [ERROR]: #  加密初始化失败，message：无效的句柄
2020-11-27 17:36:38,629 [ERROR]: #  多组数据加密失败，message：无效的句柄
2020-11-27 17:36:38,629 [ERROR]: #  结束加密，message:无效的句柄
2020-11-27 17:36:39,700 [ERROR]: #  解密初始化失败，message：无效的句柄
2020-11-27 17:36:39,701 [ERROR]: #  多组数据解密失败，message：无效的句柄
2020-11-27 17:36:39,701 [ERROR]: #  结束解密失败，message：无效的句柄
2020-11-27 17:37:38,661 [ERROR]: #  密码杂凑初始化失败，message：设备已移除
2020-11-27 17:37:41,020 [ERROR]: #  密码杂凑初始化失败，message：设备已移除
2020-11-27 17:37:59,970 [ERROR]: #  密码杂凑初始化失败，message：设备已移除
2020-11-27 17:39:00,867 [ERROR]: #  密码杂凑初始化失败，message：设备已移除
2020-11-27 17:39:11,937 [ERROR]: #  密码杂凑初始化失败，message：设备已移除
2020-11-27 17:39:30,575 [ERROR]: #  密码杂凑初始化失败，message：设备已移除
2020-11-27 17:39:33,122 [ERROR]: #  多组数据加密杂凑失败，message：设备已移除
2020-11-27 17:39:33,122 [ERROR]: #  结束密码杂凑设备已移除
2020-11-27 17:39:33,122 [INFO]: #  file Hash time：2547 ms
2020-11-27 17:39:33,122 [INFO]: #  Hash speed：0.071316 KB/s
