2021-06-18 16:36:56,604 [INFO]: #  枚举设备成功,message:b'CIDC CD-ROM USB Device'
2021-06-18 16:36:57,058 [INFO]: #  设备连接成功,message:0
2021-06-18 16:37:00,391 [INFO]: #  打开应用成功,message:0
2021-06-18 16:37:01,303 [INFO]: #  校验用户PIN成功,message:0
2021-06-18 16:37:02,493 [INFO]: #  打开容器成功,message:0
2021-06-18 16:37:09,287 [INFO]: #  导出矩阵成功，code=0
2021-06-18 16:38:08,836 [INFO]: #  设备连接成功,message:0
2021-06-18 16:38:15,782 [ERROR]: #  校验用户PIN失败，message：应用不存在
2021-06-18 16:38:16,368 [INFO]: #  打开应用成功,message:0
2021-06-18 16:38:16,808 [INFO]: #  校验用户PIN成功,message:0
2021-06-18 16:38:18,823 [INFO]: #  打开容器成功,message:0
2021-06-18 16:38:23,031 [ERROR]: #  导出矩阵失败，code=失败
2021-06-18 16:39:46,804 [INFO]: #  枚举设备成功,message:b'CIDC CD-ROM USB Device'
2021-06-18 16:39:47,284 [INFO]: #  设备连接成功,message:0
2021-06-18 16:39:48,239 [ERROR]: #  校验用户PIN失败，message：应用不存在
2021-06-18 16:39:48,938 [INFO]: #  打开应用成功,message:0
2021-06-18 16:39:49,478 [INFO]: #  校验用户PIN成功,message:0
2021-06-18 16:39:50,511 [INFO]: #  打开容器成功,message:0
2021-06-18 16:39:51,951 [ERROR]: #  导出矩阵失败，code=0xa000001
2021-06-18 16:41:58,350 [INFO]: #  枚举设备成功,message:b'CIDC CD-ROM USB Device'
2021-06-18 16:41:58,842 [INFO]: #  设备连接成功,message:0
2021-06-18 16:42:00,368 [INFO]: #  打开应用成功,message:0
2021-06-18 16:42:00,880 [INFO]: #  校验用户PIN成功,message:0
2021-06-18 16:42:01,664 [INFO]: #  打开容器成功,message:0
2021-06-18 16:42:03,599 [ERROR]: #  导出矩阵失败，code=0xa000001
2021-06-18 16:46:02,630 [INFO]: #  设备连接成功,message:0
2021-06-18 16:46:04,745 [INFO]: #  打开应用成功,message:0
2021-06-18 16:46:05,112 [INFO]: #  校验用户PIN成功,message:0
2021-06-18 16:46:05,760 [INFO]: #  打开容器成功,message:0
2021-06-18 16:46:10,589 [INFO]: #  导出矩阵成功，code=0
