2021-07-05 15:18:18,001 [ERROR]: #  [WinError 5] 拒绝访问。
Traceback (most recent call last):
  File "E:\python\UKtool\utils\guomi.py", line 21, in load_lib
    return windll.LoadLibrary(path)
  File "C:\python32378\lib\ctypes\__init__.py", line 442, in LoadLibrary
    return self._dlltype(name)
  File "C:\python32378\lib\ctypes\__init__.py", line 364, in __init__
    self._handle = _dlopen(self._name, mode)
PermissionError: [WinError 5] 拒绝访问。
2021-07-05 15:18:47,417 [ERROR]: #  [WinError 5] 拒绝访问。
Traceback (most recent call last):
  File "E:\python\UKtool\utils\guomi.py", line 21, in load_lib
    return windll.LoadLibrary(path)
  File "C:\python32378\lib\ctypes\__init__.py", line 442, in LoadLibrary
    return self._dlltype(name)
  File "C:\python32378\lib\ctypes\__init__.py", line 364, in __init__
    self._handle = _dlopen(self._name, mode)
PermissionError: [WinError 5] 拒绝访问。
2021-07-05 15:19:05,467 [ERROR]: #  [WinError 5] 拒绝访问。
Traceback (most recent call last):
  File "E:\python\UKtool\utils\guomi.py", line 21, in load_lib
    return windll.LoadLibrary(path)
  File "C:\python32378\lib\ctypes\__init__.py", line 442, in LoadLibrary
    return self._dlltype(name)
  File "C:\python32378\lib\ctypes\__init__.py", line 364, in __init__
    self._handle = _dlopen(self._name, mode)
PermissionError: [WinError 5] 拒绝访问。
2021-07-05 15:20:48,816 [ERROR]: #  [WinError 5] 拒绝访问。
Traceback (most recent call last):
  File "E:\python\UKtool\utils\guomi.py", line 21, in load_lib
    return windll.LoadLibrary(path)
  File "C:\python32378\lib\ctypes\__init__.py", line 442, in LoadLibrary
    return self._dlltype(name)
  File "C:\python32378\lib\ctypes\__init__.py", line 364, in __init__
    self._handle = _dlopen(self._name, mode)
PermissionError: [WinError 5] 拒绝访问。
2021-07-05 16:13:32,488 [ERROR]: #  设备连接失败，message：名称长度错误
2021-07-05 16:13:34,822 [ERROR]: #  枚举设备失败，message：0
2021-07-05 16:13:44,902 [ERROR]: #  设备连接失败，message：名称长度错误
2021-07-05 16:13:46,211 [INFO]: #  枚举设备成功,message:b'CIDC CD-ROM USB Device'
2021-07-05 16:13:48,669 [INFO]: #  设备连接成功,message:0
2021-07-05 16:13:53,425 [INFO]: #  打开应用成功,message:0
2021-07-05 16:13:55,979 [INFO]: #  打开容器成功,message:0
2021-07-05 16:13:58,684 [INFO]: #  获取公钥矩阵Hash 失败，code= 失败
2021-07-05 16:14:26,971 [INFO]: #  枚举设备成功,message:b'CIDC CD-ROM USB Device'
2021-07-05 16:14:27,325 [INFO]: #  设备连接成功,message:0
2021-07-05 16:14:28,095 [INFO]: #  打开应用成功,message:0
2021-07-05 16:14:28,595 [INFO]: #  打开容器成功,message:0
2021-07-05 16:14:29,776 [INFO]: #  获取公钥矩阵Hash 失败，code= 0xa000001
2021-07-05 16:15:59,630 [ERROR]: #  设备连接失败，message：名称长度错误
2021-07-05 16:16:00,465 [INFO]: #  枚举设备成功,message:b'CIDC CD-ROM USB Device'
2021-07-05 16:16:00,831 [INFO]: #  设备连接成功,message:0
2021-07-05 16:16:02,435 [INFO]: #  打开应用成功,message:0
2021-07-05 16:16:02,835 [INFO]: #  打开容器成功,message:0
2021-07-05 16:16:04,359 [INFO]: #  获取公钥矩阵Hash成功，code= 0x0
2021-07-05 16:16:19,964 [ERROR]: #  设备连接失败，message：名称长度错误
2021-07-05 16:16:20,463 [INFO]: #  枚举设备成功,message:b'CIDC CD-ROM USB Device'
2021-07-05 16:16:20,936 [INFO]: #  设备连接成功,message:0
2021-07-05 16:16:21,745 [INFO]: #  打开应用成功,message:0
2021-07-05 16:16:22,291 [INFO]: #  打开容器成功,message:0
2021-07-05 16:16:24,016 [INFO]: #  获取公钥矩阵Hash成功，code= 0x0
2021-07-05 16:24:49,425 [INFO]: #  枚举设备成功,message:b'CIDC CD-ROM USB Device'
2021-07-05 16:24:51,302 [INFO]: #  设备连接成功,message:0
2021-07-05 16:24:54,725 [INFO]: #  获取设备信息成功,message:0
2021-07-05 16:25:15,398 [ERROR]: #  设备连接失败，message：名称长度错误
2021-07-05 16:25:16,544 [INFO]: #  枚举设备成功,message:b'CIDC CD-ROM USB Device'
2021-07-05 16:25:17,230 [INFO]: #  设备连接成功,message:0
2021-07-05 16:25:18,535 [INFO]: #  获取设备信息成功,message:0
2021-07-05 16:43:27,547 [INFO]: #  枚举设备成功,message:b'CIDC CD-ROM USB Device'
2021-07-05 16:43:28,042 [INFO]: #  设备连接成功,message:0
2021-07-05 16:43:29,613 [INFO]: #  打开应用成功,message:0
2021-07-05 16:43:30,190 [INFO]: #  打开容器成功,message:0
2021-07-05 16:43:43,827 [INFO]: #  SM2 签名 （无证书）失败，code = 0xa000001
2021-07-05 16:46:55,306 [INFO]: #  枚举设备成功,message:b'CIDC CD-ROM USB Device'
2021-07-05 16:46:55,761 [INFO]: #  设备连接成功,message:0
2021-07-05 16:46:57,102 [INFO]: #  打开应用成功,message:0
2021-07-05 16:46:57,740 [INFO]: #  打开容器成功,message:0
2021-07-05 16:47:00,627 [INFO]: #  获取公钥矩阵Hash成功，code= 0x0
2021-07-05 16:47:02,875 [INFO]: #  SM2 签名 （无证书）失败，code = 0xa000001
2021-07-05 16:48:56,017 [ERROR]: #  设备连接失败，message：名称长度错误
2021-07-05 16:48:56,466 [INFO]: #  枚举设备成功,message:b'CIDC CD-ROM USB Device'
2021-07-05 16:48:56,928 [INFO]: #  设备连接成功,message:0
2021-07-05 16:48:58,062 [INFO]: #  打开应用成功,message:0
2021-07-05 16:48:58,532 [INFO]: #  打开容器成功,message:0
2021-07-05 16:49:00,755 [INFO]: #  获取公钥矩阵Hash成功，code= 0x0
2021-07-05 16:49:05,771 [INFO]: #  SM2 签名 （无证书）失败，code = 0xa000001
2021-07-05 16:49:10,493 [INFO]: #  SM2 签名 （无证书）失败，code = 0xa000001
2021-07-05 16:53:20,472 [INFO]: #  枚举设备成功,message:b'CIDC CD-ROM USB Device'
2021-07-05 16:53:21,144 [INFO]: #  设备连接成功,message:0
2021-07-05 16:53:29,013 [INFO]: #  打开应用成功,message:0
2021-07-05 16:53:29,668 [INFO]: #  校验用户PIN成功,message:0
2021-07-05 16:53:32,100 [INFO]: #  打开容器成功,message:0
2021-07-05 16:53:34,595 [INFO]: #  获取公钥矩阵Hash成功，code= 0x0
2021-07-05 16:53:35,751 [INFO]: #  SM2 签名 （无证书）失败，code = 0xa000001
2021-07-05 16:53:40,085 [INFO]: #  Ecc签名成功,message:0
2021-07-05 16:55:10,672 [INFO]: #  枚举设备成功,message:b'CIDC CD-ROM USB Device'
2021-07-05 16:55:11,128 [INFO]: #  设备连接成功,message:0
2021-07-05 16:55:13,093 [INFO]: #  打开应用成功,message:0
2021-07-05 16:55:13,588 [INFO]: #  校验用户PIN成功,message:0
2021-07-05 16:55:16,004 [INFO]: #  打开容器成功,message:0
2021-07-05 16:55:18,682 [INFO]: #  获取公钥矩阵Hash成功，code= 0x0
2021-07-05 16:55:19,850 [INFO]: #  SM2 签名 （无证书）失败，code = 0xa000001
2021-07-05 16:55:36,961 [INFO]: #  枚举设备成功,message:b'CIDC CD-ROM USB Device'
2021-07-05 16:55:37,808 [INFO]: #  设备连接成功,message:0
2021-07-05 16:55:39,110 [INFO]: #  设备认证成功,message:0
2021-07-05 16:55:40,456 [INFO]: #  打开应用成功,message:0
2021-07-05 16:55:40,909 [INFO]: #  校验用户PIN成功,message:0
2021-07-05 16:55:44,254 [INFO]: #  打开容器成功,message:0
2021-07-05 16:55:45,459 [INFO]: #  获取公钥矩阵Hash成功，code= 0x0
2021-07-05 16:55:47,110 [INFO]: #  SM2 签名 （无证书）失败，code = 0xa000001
2021-07-05 17:14:57,813 [ERROR]: #  设备连接失败，message：名称长度错误
2021-07-05 17:14:58,763 [INFO]: #  枚举设备成功,message:b'CIDC CD-ROM USB Device'
2021-07-05 17:14:59,324 [INFO]: #  设备连接成功,message:0
2021-07-05 17:15:00,639 [INFO]: #  打开应用成功,message:0
2021-07-05 17:15:01,156 [INFO]: #  校验用户PIN成功,message:0
2021-07-05 17:15:02,349 [INFO]: #  打开容器成功,message:0
2021-07-05 17:15:04,541 [INFO]: #  Ecc签名成功,message:0
2021-07-05 17:15:08,669 [INFO]: #  获取公钥矩阵Hash成功，code= 0x0
2021-07-05 17:15:12,830 [INFO]: #  SM2 签名 （无证书）失败，code = 0xa000001
2021-07-05 17:16:09,478 [ERROR]: #  设备连接失败，message：名称长度错误
2021-07-05 17:16:09,972 [INFO]: #  枚举设备成功,message:b'CIDC CD-ROM USB Device'
2021-07-05 17:16:10,480 [INFO]: #  设备连接成功,message:0
2021-07-05 17:16:11,454 [INFO]: #  打开应用成功,message:0
2021-07-05 17:16:11,885 [INFO]: #  校验用户PIN成功,message:0
2021-07-05 17:16:13,845 [INFO]: #  打开容器成功,message:0
2021-07-05 17:16:15,054 [INFO]: #  获取公钥矩阵Hash成功，code= 0x0
2021-07-05 17:16:45,036 [INFO]: #  枚举设备成功,message:b'CIDC CD-ROM USB Device'
2021-07-05 17:16:45,369 [INFO]: #  设备连接成功,message:0
2021-07-05 17:16:46,783 [INFO]: #  打开应用成功,message:0
2021-07-05 17:16:48,101 [INFO]: #  校验用户PIN成功,message:0
2021-07-05 17:16:50,111 [INFO]: #  打开容器成功,message:0
2021-07-05 17:16:56,370 [INFO]: #  获取公钥矩阵Hash成功，code= 0x0
2021-07-05 17:17:15,021 [INFO]: #  枚举设备成功,message:b'CIDC CD-ROM USB Device'
2021-07-05 17:17:15,465 [INFO]: #  设备连接成功,message:0
2021-07-05 17:17:16,526 [INFO]: #  打开应用成功,message:0
2021-07-05 17:17:17,189 [INFO]: #  校验用户PIN成功,message:0
2021-07-05 17:17:18,494 [INFO]: #  打开容器成功,message:0
2021-07-05 17:17:20,108 [INFO]: #  获取公钥矩阵Hash成功，code= 0x0
2021-07-05 17:17:51,628 [ERROR]: #  获取设备状态失败名称长度错误
2021-07-05 17:17:55,105 [INFO]: #  枚举设备成功,message:b'CIDC CD-ROM USB Device'
2021-07-05 17:17:55,506 [INFO]: #  设备连接成功,message:0
2021-07-05 17:17:56,436 [INFO]: #  打开应用成功,message:0
2021-07-05 17:17:57,581 [INFO]: #  校验用户PIN成功,message:0
2021-07-05 17:17:59,049 [INFO]: #  打开容器成功,message:0
2021-07-05 17:18:06,902 [INFO]: #  获取公钥矩阵Hash成功，code= 0x0
2021-07-05 17:29:17,011 [ERROR]: #  设备连接失败，message：名称长度错误
2021-07-05 17:29:17,804 [INFO]: #  枚举设备成功,message:b'CIDC CD-ROM USB Device'
2021-07-05 17:29:18,275 [INFO]: #  设备连接成功,message:0
2021-07-05 17:29:20,743 [INFO]: #  打开应用成功,message:0
2021-07-05 17:29:21,750 [INFO]: #  校验用户PIN成功,message:0
2021-07-05 17:29:24,589 [INFO]: #  获取公钥矩阵Hash成功，code= 0x0
2021-07-05 17:30:40,426 [ERROR]: #  设备连接失败，message：名称长度错误
2021-07-05 17:30:41,196 [INFO]: #  枚举设备成功,message:b'CIDC CD-ROM USB Device'
2021-07-05 17:30:42,042 [INFO]: #  设备连接成功,message:0
2021-07-05 17:30:44,823 [INFO]: #  打开应用成功,message:0
2021-07-05 17:30:45,591 [INFO]: #  校验用户PIN成功,message:0
2021-07-05 17:30:48,768 [INFO]: #  打开容器成功,message:0
2021-07-05 17:30:52,061 [INFO]: #  获取公钥矩阵Hash成功，code= 0x0
2021-07-05 17:32:53,836 [INFO]: #  枚举设备成功,message:b'CIDC CD-ROM USB Device'
2021-07-05 17:32:54,442 [INFO]: #  设备连接成功,message:0
2021-07-05 17:32:55,510 [INFO]: #  打开应用成功,message:0
2021-07-05 17:32:56,367 [INFO]: #  校验用户PIN成功,message:0
2021-07-05 17:32:57,366 [INFO]: #  打开容器成功,message:0
2021-07-05 17:32:59,121 [INFO]: #  获取公钥矩阵Hash成功，code= 0x0
2021-07-05 17:33:19,732 [INFO]: #  枚举设备成功,message:b'CIDC CD-ROM USB Device'
2021-07-05 17:33:20,121 [INFO]: #  设备连接成功,message:0
2021-07-05 17:33:21,263 [INFO]: #  打开应用成功,message:0
2021-07-05 17:33:21,639 [INFO]: #  校验用户PIN成功,message:0
2021-07-05 17:33:23,398 [INFO]: #  打开容器成功,message:0
2021-07-05 17:33:27,620 [INFO]: #  获取公钥矩阵Hash成功，code= 0x0
2021-07-05 17:43:37,706 [INFO]: #  枚举设备成功,message:b'CIDC CD-ROM USB Device'
2021-07-05 17:43:38,139 [INFO]: #  设备连接成功,message:0
2021-07-05 17:43:38,983 [INFO]: #  打开应用成功,message:0
2021-07-05 17:43:40,023 [INFO]: #  校验用户PIN成功,message:0
2021-07-05 17:43:41,031 [INFO]: #  打开容器成功,message:0
2021-07-05 17:43:43,781 [INFO]: #  获取公钥矩阵Hash成功，code= 0x0
2021-07-05 17:44:13,595 [INFO]: #  枚举设备成功,message:b'CIDC CD-ROM USB Device'
2021-07-05 17:44:14,099 [INFO]: #  设备连接成功,message:0
2021-07-05 17:44:15,709 [INFO]: #  打开应用成功,message:0
2021-07-05 17:44:16,503 [INFO]: #  校验用户PIN成功,message:0
2021-07-05 17:44:17,680 [INFO]: #  打开容器成功,message:0
2021-07-05 17:44:20,795 [INFO]: #  获取公钥矩阵Hash成功，code= 0x0
2021-07-05 17:44:40,746 [INFO]: #  枚举设备成功,message:b'CIDC CD-ROM USB Device'
2021-07-05 17:44:41,083 [INFO]: #  设备连接成功,message:0
2021-07-05 17:44:44,126 [INFO]: #  设备认证成功,message:0
2021-07-05 17:44:44,739 [INFO]: #  打开应用成功,message:0
2021-07-05 17:44:45,375 [INFO]: #  校验用户PIN成功,message:0
2021-07-05 17:44:46,464 [INFO]: #  打开容器成功,message:0
2021-07-05 17:44:48,851 [INFO]: #  获取公钥矩阵Hash成功，code= 0x0
2021-07-05 17:45:20,671 [INFO]: #  枚举设备成功,message:b'CIDC CD-ROM USB Device'
2021-07-05 17:45:21,102 [INFO]: #  设备连接成功,message:0
2021-07-05 17:45:22,457 [INFO]: #  设备认证成功,message:0
2021-07-05 17:45:24,875 [INFO]: #  打开应用成功,message:0
2021-07-05 17:45:26,335 [INFO]: #  校验用户PIN成功,message:0
2021-07-05 17:45:27,328 [INFO]: #  打开容器成功,message:0
2021-07-05 17:45:28,135 [INFO]: #  获取公钥矩阵Hash成功，code= 0x0
2021-07-05 17:45:28,136 [INFO]: #  获取公钥矩阵Hash成功，g.pkmHash= b'1\x7f\xb5\xbd\x89\xdf\n\xc7M\xd6\xab\x8c\xb9\xa7\xb0I\xa3\xfd\xa4\xdc+k\xce7\xfd\xc4\x82\x92x\xc4\x1a\xf1' 
2021-07-05 17:46:57,678 [INFO]: #  枚举设备成功,message:b'CIDC CD-ROM USB Device'
2021-07-05 17:46:58,041 [INFO]: #  设备连接成功,message:0
2021-07-05 17:46:59,208 [INFO]: #  打开应用成功,message:0
2021-07-05 17:47:01,023 [INFO]: #  校验用户PIN成功,message:0
2021-07-05 17:47:01,647 [INFO]: #  打开容器成功,message:0
2021-07-05 17:47:06,606 [INFO]: #  获取公钥矩阵Hash成功，code= 0x0
2021-07-05 17:47:06,607 [INFO]: #  获取公钥矩阵Hash成功，g.pkmHash= b'1\x7f\xb5\xbd\x89\xdf\n\xc7M\xd6\xab\x8c\xb9\xa7\xb0I\xa3\xfd\xa4\xdc+k\xce7\xfd\xc4\x82\x92x\xc4\x1a\xf1' 
2021-07-05 17:47:28,565 [INFO]: #  SM2 签名 （无证书）成功，code = 0x0
2021-07-05 17:55:58,279 [INFO]: #  枚举设备成功,message:b'CIDC CD-ROM USB Device'
2021-07-05 17:55:58,659 [INFO]: #  设备连接成功,message:0
2021-07-05 17:56:00,185 [INFO]: #  打开应用成功,message:0
2021-07-05 17:56:00,951 [INFO]: #  校验用户PIN成功,message:0
2021-07-05 17:56:01,792 [INFO]: #  打开容器成功,message:0
2021-07-05 17:56:03,318 [INFO]: #  获取公钥矩阵Hash成功，code= 0x0
2021-07-05 17:56:03,318 [INFO]: #  获取公钥矩阵Hash成功，g.pkmHash= b'1\x7f\xb5\xbd\x89\xdf\n\xc7M\xd6\xab\x8c\xb9\xa7\xb0I\xa3\xfd\xa4\xdc+k\xce7\xfd\xc4\x82\x92x\xc4\x1a\xf1' 
2021-07-05 17:56:04,078 [INFO]: #  SM2 签名 （无证书）成功，code = 0x0
2021-07-05 17:57:01,693 [INFO]: #  枚举设备成功,message:b'CIDC CD-ROM USB Device'
2021-07-05 17:57:02,059 [INFO]: #  设备连接成功,message:0
2021-07-05 17:57:03,353 [INFO]: #  打开应用成功,message:0
2021-07-05 17:57:03,909 [INFO]: #  设备认证成功,message:0
2021-07-05 17:57:04,560 [INFO]: #  校验用户PIN成功,message:0
2021-07-05 17:57:05,280 [INFO]: #  打开容器成功,message:0
2021-07-05 17:57:06,878 [INFO]: #  获取公钥矩阵Hash成功，code= 0x0
2021-07-05 17:57:06,878 [INFO]: #  获取公钥矩阵Hash成功，g.pkmHash= b'1\x7f\xb5\xbd\x89\xdf\n\xc7M\xd6\xab\x8c\xb9\xa7\xb0I\xa3\xfd\xa4\xdc+k\xce7\xfd\xc4\x82\x92x\xc4\x1a\xf1' 
2021-07-05 17:57:07,589 [INFO]: #  SM2 签名 （无证书）成功，code = 0x0
