2021-07-06 10:20:04,846 [INFO]: #  枚举设备成功,message:b'CIDC CD-ROM USB Device'
2021-07-06 10:20:05,959 [INFO]: #  设备连接成功,message:0
2021-07-06 10:20:11,272 [INFO]: #  打开应用成功,message:0
2021-07-06 10:20:11,813 [INFO]: #  校验用户PIN成功,message:0
2021-07-06 10:20:13,214 [INFO]: #  打开容器成功,message:0
2021-07-06 10:20:14,811 [INFO]: #  获取公钥矩阵Hash成功，code= 0x0
2021-07-06 10:20:14,811 [INFO]: #  获取公钥矩阵Hash成功，g.pkmHash= b'1\x7f\xb5\xbd\x89\xdf\n\xc7M\xd6\xab\x8c\xb9\xa7\xb0I\xa3\xfd\xa4\xdc+k\xce7\xfd\xc4\x82\x92x\xc4\x1a\xf1' 
2021-07-06 10:20:15,733 [INFO]: #  SM2 签名 （无证书）成功，code = 0x0
2021-07-06 10:20:33,406 [INFO]: #  枚举设备成功,message:b'CIDC CD-ROM USB Device'
2021-07-06 10:20:33,819 [INFO]: #  设备连接成功,message:0
2021-07-06 10:20:34,972 [INFO]: #  打开应用成功,message:0
2021-07-06 10:20:35,350 [INFO]: #  校验用户PIN成功,message:0
2021-07-06 10:20:36,503 [INFO]: #  打开容器成功,message:0
2021-07-06 10:20:38,622 [INFO]: #  获取公钥矩阵Hash成功，code= 0x0
2021-07-06 10:20:38,623 [INFO]: #  获取公钥矩阵Hash成功，g.pkmHash= b'1\x7f\xb5\xbd\x89\xdf\n\xc7M\xd6\xab\x8c\xb9\xa7\xb0I\xa3\xfd\xa4\xdc+k\xce7\xfd\xc4\x82\x92x\xc4\x1a\xf1' 
2021-07-06 10:21:19,420 [INFO]: #  SM2 签名 （无证书）成功，code = 0x0
2021-07-06 10:21:41,075 [INFO]: #  枚举设备成功,message:b'CIDC CD-ROM USB Device'
2021-07-06 10:21:41,498 [INFO]: #  设备连接成功,message:0
2021-07-06 10:21:43,552 [INFO]: #  打开应用成功,message:0
2021-07-06 10:21:44,503 [INFO]: #  校验用户PIN成功,message:0
2021-07-06 10:21:45,383 [INFO]: #  打开容器成功,message:0
2021-07-06 10:21:46,723 [INFO]: #  获取公钥矩阵Hash成功，code= 0x0
2021-07-06 10:21:46,724 [INFO]: #  获取公钥矩阵Hash成功，g.pkmHash= b'1\x7f\xb5\xbd\x89\xdf\n\xc7M\xd6\xab\x8c\xb9\xa7\xb0I\xa3\xfd\xa4\xdc+k\xce7\xfd\xc4\x82\x92x\xc4\x1a\xf1' 
2021-07-06 10:21:50,859 [INFO]: #  SM2 签名 （无证书）成功，code = 0x0
2021-07-06 10:26:11,132 [INFO]: #  枚举设备成功,message:b'CIDC CD-ROM USB Device'
2021-07-06 10:26:11,538 [INFO]: #  设备连接成功,message:0
2021-07-06 10:26:12,993 [INFO]: #  打开应用成功,message:0
2021-07-06 10:26:13,550 [INFO]: #  校验用户PIN成功,message:0
2021-07-06 10:26:14,966 [INFO]: #  打开容器成功,message:0
2021-07-06 10:26:16,229 [INFO]: #  获取公钥矩阵Hash成功，code= 0x0
2021-07-06 10:26:16,229 [INFO]: #  获取公钥矩阵Hash成功，g.pkmHash= b'1\x7f\xb5\xbd\x89\xdf\n\xc7M\xd6\xab\x8c\xb9\xa7\xb0I\xa3\xfd\xa4\xdc+k\xce7\xfd\xc4\x82\x92x\xc4\x1a\xf1' 
2021-07-06 10:26:21,109 [INFO]: #  SM2 签名 （无证书）成功，code = 0x0
2021-07-06 10:26:50,482 [INFO]: #  枚举设备成功,message:b'CIDC CD-ROM USB Device'
2021-07-06 10:26:50,945 [INFO]: #  设备连接成功,message:0
2021-07-06 10:26:52,543 [INFO]: #  打开应用成功,message:0
2021-07-06 10:26:53,135 [INFO]: #  校验用户PIN成功,message:0
2021-07-06 10:26:53,991 [INFO]: #  打开容器成功,message:0
2021-07-06 10:26:55,519 [INFO]: #  获取公钥矩阵Hash成功，code= 0x0
2021-07-06 10:26:55,520 [INFO]: #  获取公钥矩阵Hash成功，g.pkmHash= b'1\x7f\xb5\xbd\x89\xdf\n\xc7M\xd6\xab\x8c\xb9\xa7\xb0I\xa3\xfd\xa4\xdc+k\xce7\xfd\xc4\x82\x92x\xc4\x1a\xf1' 
2021-07-06 10:26:58,129 [INFO]: #  SM2 签名 （无证书）成功，code = 0x0
2021-07-06 10:42:23,022 [INFO]: #  枚举设备成功,message:b'CIDC CD-ROM USB Device'
2021-07-06 10:42:24,616 [INFO]: #  设备连接成功,message:0
2021-07-06 10:42:27,370 [INFO]: #  打开应用成功,message:0
2021-07-06 10:42:28,104 [INFO]: #  校验用户PIN成功,message:0
2021-07-06 10:42:28,783 [INFO]: #  打开容器成功,message:0
2021-07-06 10:42:31,855 [INFO]: #  Ecc签名成功,message:0
2021-07-06 10:48:44,149 [INFO]: #  枚举设备成功,message:b'CIDC CD-ROM USB Device'
2021-07-06 10:48:44,516 [INFO]: #  设备连接成功,message:0
2021-07-06 10:48:45,578 [INFO]: #  打开应用成功,message:0
2021-07-06 10:48:46,111 [INFO]: #  校验用户PIN成功,message:0
2021-07-06 10:48:47,025 [INFO]: #  打开容器成功,message:0
2021-07-06 10:48:50,607 [INFO]: #  Ecc签名成功,message:0
2021-07-06 10:49:19,494 [INFO]: #  枚举设备成功,message:b'CIDC CD-ROM USB Device'
2021-07-06 10:49:19,963 [INFO]: #  设备连接成功,message:0
2021-07-06 10:49:20,602 [INFO]: #  打开应用成功,message:0
2021-07-06 10:49:21,208 [INFO]: #  校验用户PIN成功,message:0
2021-07-06 10:49:21,913 [INFO]: #  打开容器成功,message:0
2021-07-06 10:49:27,951 [INFO]: #  Ecc签名成功,message:0
2021-07-06 10:50:38,790 [INFO]: #  枚举设备成功,message:b'CIDC CD-ROM USB Device'
2021-07-06 10:50:39,201 [INFO]: #  设备连接成功,message:0
2021-07-06 10:50:40,191 [INFO]: #  打开应用成功,message:0
2021-07-06 10:50:40,585 [INFO]: #  校验用户PIN成功,message:0
2021-07-06 10:50:41,329 [INFO]: #  打开容器成功,message:0
2021-07-06 10:50:44,303 [INFO]: #  Ecc签名成功,message:0
2021-07-06 10:50:53,462 [INFO]: #  枚举设备成功,message:b'CIDC CD-ROM USB Device'
2021-07-06 10:50:53,797 [INFO]: #  设备连接成功,message:0
2021-07-06 10:50:54,585 [INFO]: #  打开应用成功,message:0
2021-07-06 10:50:55,128 [INFO]: #  校验用户PIN成功,message:0
2021-07-06 10:50:55,601 [INFO]: #  打开容器成功,message:0
2021-07-06 10:50:59,072 [INFO]: #  Ecc签名成功,message:0
2021-07-06 11:29:58,724 [ERROR]: #  枚举设备失败，message：0
2021-07-06 11:29:59,297 [ERROR]: #  设备连接失败，message：名称长度错误
2021-07-06 11:30:00,952 [ERROR]: #  打开应用失败，message：失败
2021-07-06 11:30:01,625 [ERROR]: #  校验用户PIN失败，message：输入数据错误
2021-07-06 11:30:02,659 [ERROR]: #  打开容器失败，message：无效的参数
2021-07-06 11:30:10,870 [INFO]: #  枚举设备成功,message:b'CIDC CD-ROM USB Device'
2021-07-06 11:30:11,266 [INFO]: #  设备连接成功,message:0
2021-07-06 11:30:12,565 [INFO]: #  打开应用成功,message:0
2021-07-06 11:30:13,234 [INFO]: #  校验用户PIN成功,message:0
2021-07-06 11:30:14,271 [INFO]: #  打开容器成功,message:0
2021-07-06 11:30:17,096 [INFO]: #  导出签名公钥成功,message:0
2021-07-06 11:30:53,541 [INFO]: #  枚举设备成功,message:b'CIDC CD-ROM USB Device'
2021-07-06 11:30:53,965 [INFO]: #  设备连接成功,message:0
2021-07-06 11:30:54,794 [INFO]: #  打开应用成功,message:0
2021-07-06 11:30:55,956 [INFO]: #  校验用户PIN成功,message:0
2021-07-06 11:31:01,265 [INFO]: #  打开容器成功,message:0
2021-07-06 11:31:05,580 [INFO]: #  导出签名公钥成功,message:0
2021-07-06 11:31:35,510 [INFO]: #  枚举设备成功,message:b'CIDC CD-ROM USB Device'
2021-07-06 11:31:35,845 [INFO]: #  设备连接成功,message:0
2021-07-06 11:31:36,523 [INFO]: #  打开应用成功,message:0
2021-07-06 11:31:38,586 [INFO]: #  校验用户PIN成功,message:0
2021-07-06 11:31:39,627 [INFO]: #  打开容器成功,message:0
2021-07-06 11:31:43,044 [INFO]: #  导出签名公钥成功,message:0
2021-07-06 11:31:47,082 [ERROR]: #  SM2验签失败，code=验证签名失败
2021-07-06 11:32:14,297 [INFO]: #  枚举设备成功,message:b'CIDC CD-ROM USB Device'
2021-07-06 11:32:14,631 [INFO]: #  设备连接成功,message:0
2021-07-06 11:32:15,384 [INFO]: #  打开应用成功,message:0
2021-07-06 11:32:17,011 [INFO]: #  校验用户PIN成功,message:0
2021-07-06 11:32:17,667 [INFO]: #  打开容器成功,message:0
2021-07-06 11:32:19,277 [INFO]: #  导出签名公钥成功,message:0
2021-07-06 11:32:19,330 [ERROR]: #  SM2验签失败，code=0xa000042
2021-07-06 11:33:37,763 [INFO]: #  枚举设备成功,message:b'CIDC CD-ROM USB Device'
2021-07-06 11:33:40,325 [INFO]: #  设备连接成功,message:0
2021-07-06 11:33:41,174 [INFO]: #  打开应用成功,message:0
2021-07-06 11:33:41,670 [INFO]: #  校验用户PIN成功,message:0
2021-07-06 11:33:42,426 [INFO]: #  打开容器成功,message:0
2021-07-06 11:33:45,576 [INFO]: #  导出签名公钥成功,message:0
2021-07-06 11:33:45,627 [ERROR]: #  SM2验签失败，code=0xa000042
2021-07-06 11:34:09,406 [INFO]: #  枚举设备成功,message:b'CIDC CD-ROM USB Device'
2021-07-06 11:34:09,782 [INFO]: #  设备连接成功,message:0
2021-07-06 11:34:10,706 [INFO]: #  打开应用成功,message:0
2021-07-06 11:34:11,266 [INFO]: #  校验用户PIN成功,message:0
2021-07-06 11:34:11,786 [INFO]: #  打开容器成功,message:0
2021-07-06 11:34:14,343 [INFO]: #  SM2签名成功，code=0
2021-07-06 11:34:15,498 [INFO]: #  导出签名公钥成功,message:0
2021-07-06 11:34:17,544 [ERROR]: #  SM2验签失败，code=0xa000042
2021-07-06 11:34:49,232 [INFO]: #  枚举设备成功,message:b'CIDC CD-ROM USB Device'
2021-07-06 11:34:49,627 [INFO]: #  设备连接成功,message:0
2021-07-06 11:34:50,826 [INFO]: #  打开应用成功,message:0
2021-07-06 11:34:52,938 [INFO]: #  校验用户PIN成功,message:0
2021-07-06 11:34:53,426 [INFO]: #  打开容器成功,message:0
2021-07-06 11:34:55,358 [INFO]: #  SM2签名成功，code=0
2021-07-06 11:34:56,625 [INFO]: #  导出签名公钥成功,message:0
2021-07-06 11:34:56,673 [ERROR]: #  SM2验签失败，code=0xa000042
2021-07-06 11:35:32,238 [INFO]: #  枚举设备成功,message:b'CIDC CD-ROM USB Device'
2021-07-06 11:35:32,566 [INFO]: #  设备连接成功,message:0
2021-07-06 11:35:34,579 [INFO]: #  打开应用成功,message:0
2021-07-06 11:35:35,688 [INFO]: #  校验用户PIN成功,message:0
2021-07-06 11:35:36,303 [INFO]: #  打开容器成功,message:0
2021-07-06 11:35:38,810 [INFO]: #  SM2签名成功，code=0
2021-07-06 11:35:40,930 [INFO]: #  导出签名公钥成功,message:0
2021-07-06 11:35:40,982 [ERROR]: #  SM2验签失败，code=0xa000042
2021-07-06 11:36:02,016 [INFO]: #  枚举设备成功,message:b'CIDC CD-ROM USB Device'
2021-07-06 11:36:02,378 [INFO]: #  设备连接成功,message:0
2021-07-06 11:36:03,213 [INFO]: #  打开应用成功,message:0
2021-07-06 11:36:03,893 [INFO]: #  校验用户PIN成功,message:0
2021-07-06 11:36:04,585 [INFO]: #  打开容器成功,message:0
2021-07-06 11:36:05,895 [INFO]: #  SM2签名成功，code=0
2021-07-06 11:36:06,385 [INFO]: #  导出签名公钥成功,message:0
2021-07-06 11:36:08,489 [ERROR]: #  SM2验签失败，code=0xa000042
2021-07-06 11:36:28,190 [INFO]: #  枚举设备成功,message:b'CIDC CD-ROM USB Device'
2021-07-06 11:36:28,511 [INFO]: #  设备连接成功,message:0
2021-07-06 11:36:29,214 [INFO]: #  打开应用成功,message:0
2021-07-06 11:36:32,242 [INFO]: #  校验用户PIN成功,message:0
2021-07-06 11:36:32,957 [INFO]: #  打开容器成功,message:0
2021-07-06 11:36:34,456 [INFO]: #  SM2签名成功，code=0
2021-07-06 11:36:36,173 [INFO]: #  导出签名公钥成功,message:0
2021-07-06 11:36:42,536 [ERROR]: #  SM2验签失败，code=0xa000042
2021-07-06 11:37:00,982 [INFO]: #  枚举设备成功,message:b'CIDC CD-ROM USB Device'
2021-07-06 11:37:01,364 [INFO]: #  设备连接成功,message:0
2021-07-06 11:37:02,069 [INFO]: #  打开应用成功,message:0
2021-07-06 11:37:03,050 [INFO]: #  校验用户PIN成功,message:0
2021-07-06 11:37:03,493 [INFO]: #  打开容器成功,message:0
2021-07-06 11:37:04,961 [INFO]: #  SM2签名成功，code=0
2021-07-06 11:37:06,402 [INFO]: #  导出签名公钥成功,message:0
2021-07-06 11:37:06,448 [INFO]: #  SM2验签成功，code=0x0
2021-07-06 11:37:30,206 [ERROR]: #  设备连接失败，message：名称长度错误
2021-07-06 11:37:32,047 [ERROR]: #  打开应用失败，message：失败
2021-07-06 11:37:32,534 [ERROR]: #  校验用户PIN失败，message：输入数据错误
2021-07-06 11:37:33,352 [ERROR]: #  打开容器失败，message：无效的参数
2021-07-06 11:37:34,862 [ERROR]: #  导出签名公钥失败,message:184549619
2021-07-06 11:37:34,868 [ERROR]: #  SM2验签失败，code=0xb0000f3
2021-07-06 11:37:36,355 [INFO]: #  枚举设备成功,message:b'CIDC CD-ROM USB Device'
2021-07-06 11:37:36,943 [INFO]: #  设备连接成功,message:0
2021-07-06 11:37:38,444 [INFO]: #  打开应用成功,message:0
2021-07-06 11:37:39,042 [INFO]: #  校验用户PIN成功,message:0
2021-07-06 11:37:39,889 [INFO]: #  打开容器成功,message:0
2021-07-06 11:37:41,309 [INFO]: #  导出签名公钥成功,message:0
2021-07-06 11:37:41,361 [ERROR]: #  SM2验签失败，code=0xa000042
2021-07-06 11:38:12,937 [INFO]: #  枚举设备成功,message:b'CIDC CD-ROM USB Device'
2021-07-06 11:38:13,253 [INFO]: #  设备连接成功,message:0
2021-07-06 11:38:13,771 [INFO]: #  设备认证成功,message:0
2021-07-06 11:38:14,278 [INFO]: #  打开应用成功,message:0
2021-07-06 11:38:15,484 [INFO]: #  校验用户PIN成功,message:0
2021-07-06 11:38:16,008 [INFO]: #  打开容器成功,message:0
2021-07-06 11:38:17,946 [INFO]: #  导出签名公钥成功,message:0
2021-07-06 11:38:22,624 [ERROR]: #  SM2验签失败，code=0xa000042
2021-07-06 11:38:59,834 [INFO]: #  枚举设备成功,message:b'CIDC CD-ROM USB Device'
2021-07-06 11:39:00,151 [INFO]: #  设备连接成功,message:0
2021-07-06 11:39:01,034 [INFO]: #  设备认证成功,message:0
2021-07-06 11:39:01,712 [INFO]: #  打开应用成功,message:0
2021-07-06 11:39:02,899 [INFO]: #  校验用户PIN成功,message:0
2021-07-06 11:39:03,411 [INFO]: #  打开容器成功,message:0
2021-07-06 11:39:04,416 [INFO]: #  导出签名公钥成功,message:0
2021-07-06 11:39:05,997 [ERROR]: #  SM2验签失败，code=0xa000042
2021-07-06 11:39:19,016 [INFO]: #  枚举设备成功,message:b'CIDC CD-ROM USB Device'
2021-07-06 11:39:19,309 [INFO]: #  设备连接成功,message:0
2021-07-06 11:39:20,122 [INFO]: #  打开应用成功,message:0
2021-07-06 11:39:20,564 [INFO]: #  校验用户PIN成功,message:0
2021-07-06 11:39:21,317 [INFO]: #  打开容器成功,message:0
2021-07-06 11:39:23,479 [INFO]: #  SM2签名成功，code=0
2021-07-06 11:39:24,327 [INFO]: #  导出签名公钥成功,message:0
2021-07-06 11:39:25,948 [INFO]: #  SM2验签成功，code=0x0
2021-07-06 11:42:51,527 [ERROR]: #  设备连接失败，message：名称长度错误
2021-07-06 11:42:52,709 [INFO]: #  枚举设备成功,message:b'CIDC CD-ROM USB Device'
2021-07-06 11:42:53,558 [INFO]: #  设备连接成功,message:0
2021-07-06 11:43:18,149 [INFO]: #  打开应用成功,message:0
2021-07-06 11:43:22,691 [INFO]: #  修改用户PIN成功,message:0
2021-07-06 11:43:24,691 [INFO]: #  打开容器成功,message:0
2021-07-06 11:43:27,541 [INFO]: #  SM2签名成功，code=0
2021-07-06 11:46:40,437 [INFO]: #  枚举设备成功,message:b'CIDC CD-ROM USB Device'
2021-07-06 11:46:41,061 [INFO]: #  设备连接成功,message:0
2021-07-06 11:46:42,333 [INFO]: #  打开应用成功,message:0
2021-07-06 11:46:42,972 [ERROR]: #  校验用户PIN失败，message：PIN不正确
2021-07-06 11:46:43,644 [INFO]: #  打开容器成功,message:0
2021-07-06 11:46:50,540 [ERROR]: #  校验用户PIN失败，message：PIN不正确
2021-07-06 11:47:00,879 [INFO]: #  枚举设备成功,message:b'CIDC CD-ROM USB Device'
2021-07-06 11:47:01,222 [INFO]: #  设备连接成功,message:0
2021-07-06 11:47:02,932 [INFO]: #  打开应用成功,message:0
2021-07-06 11:47:04,780 [ERROR]: #  校验用户PIN失败，message：PIN不正确
2021-07-06 11:47:09,920 [ERROR]: #  修改用户PIN失败，message：PIN不正确
2021-07-06 11:49:39,807 [INFO]: #  枚举设备成功,message:b'CIDC CD-ROM USB Device'
2021-07-06 11:49:40,190 [INFO]: #  设备连接成功,message:0
2021-07-06 11:49:43,360 [INFO]: #  打开应用成功,message:0
2021-07-06 11:49:44,111 [ERROR]: #  校验用户PIN失败，message：PIN不正确
2021-07-06 11:49:51,719 [ERROR]: #  修改用户PIN失败，message：认证方法锁定
2021-07-06 11:49:57,885 [INFO]: #  解锁设备成功,message:0
2021-07-06 11:49:59,936 [ERROR]: #  校验用户PIN失败，message：认证方法锁定
2021-07-06 11:50:05,261 [INFO]: #  解锁设备成功,message:0
2021-07-06 11:51:20,767 [INFO]: #  枚举设备成功,message:b'CIDC CD-ROM USB Device'
2021-07-06 11:51:21,190 [INFO]: #  设备连接成功,message:0
2021-07-06 11:51:23,780 [INFO]: #  打开应用成功,message:0
2021-07-06 11:51:25,884 [INFO]: #  校验用户PIN成功,message:0
2021-07-06 11:51:27,390 [INFO]: #  打开容器成功,message:0
2021-07-06 11:51:29,791 [INFO]: #  SM2签名成功，code=0
2021-07-06 11:51:53,504 [INFO]: #  枚举设备成功,message:b'CIDC CD-ROM USB Device'
2021-07-06 11:51:53,974 [INFO]: #  设备连接成功,message:0
2021-07-06 11:51:54,907 [INFO]: #  打开应用成功,message:0
2021-07-06 11:51:55,387 [INFO]: #  校验用户PIN成功,message:0
2021-07-06 11:51:56,115 [INFO]: #  打开容器成功,message:0
2021-07-06 11:52:01,910 [INFO]: #  SM2签名成功，code=0
2021-07-06 11:52:31,529 [INFO]: #  枚举设备成功,message:b'CIDC CD-ROM USB Device'
2021-07-06 11:52:31,877 [INFO]: #  设备连接成功,message:0
2021-07-06 11:52:32,660 [INFO]: #  打开应用成功,message:0
2021-07-06 11:52:33,331 [INFO]: #  校验用户PIN成功,message:0
2021-07-06 11:52:34,171 [INFO]: #  打开容器成功,message:0
2021-07-06 11:52:37,040 [INFO]: #  SM2签名成功，code=0
2021-07-06 11:52:58,206 [INFO]: #  枚举设备成功,message:b'CIDC CD-ROM USB Device'
2021-07-06 11:52:59,443 [INFO]: #  设备连接成功,message:0
2021-07-06 11:53:00,182 [INFO]: #  打开应用成功,message:0
2021-07-06 11:53:00,673 [INFO]: #  校验用户PIN成功,message:0
2021-07-06 11:53:01,403 [INFO]: #  打开容器成功,message:0
2021-07-06 11:53:04,392 [INFO]: #  SM2签名成功，code=0
2021-07-06 11:53:43,432 [INFO]: #  枚举设备成功,message:b'CIDC CD-ROM USB Device'
2021-07-06 11:53:43,959 [INFO]: #  设备连接成功,message:0
2021-07-06 11:53:44,987 [INFO]: #  打开应用成功,message:0
2021-07-06 11:53:45,442 [INFO]: #  校验用户PIN成功,message:0
2021-07-06 11:53:46,151 [INFO]: #  打开容器成功,message:0
2021-07-06 11:53:49,031 [INFO]: #  SM2签名成功，code=0
2021-07-06 11:53:54,075 [INFO]: #  导出签名公钥成功,message:0
2021-07-06 11:54:35,166 [ERROR]: #  SM2验签失败，code=0xa000042
2021-07-06 11:55:08,029 [INFO]: #  枚举设备成功,message:b'CIDC CD-ROM USB Device'
2021-07-06 11:55:08,410 [INFO]: #  设备连接成功,message:0
2021-07-06 11:55:09,469 [INFO]: #  打开应用成功,message:0
2021-07-06 11:55:10,097 [INFO]: #  校验用户PIN成功,message:0
2021-07-06 11:55:10,682 [INFO]: #  打开容器成功,message:0
2021-07-06 12:00:11,662 [INFO]: #  SM2签名成功，code=0
2021-07-06 12:01:06,600 [INFO]: #  枚举设备成功,message:b'CIDC CD-ROM USB Device'
2021-07-06 12:01:06,935 [INFO]: #  设备连接成功,message:0
2021-07-06 12:01:07,684 [INFO]: #  打开应用成功,message:0
2021-07-06 12:01:08,299 [INFO]: #  校验用户PIN成功,message:0
2021-07-06 12:01:08,923 [INFO]: #  打开容器成功,message:0
2021-07-06 12:01:12,736 [INFO]: #  SM2签名成功，code=0
2021-07-06 12:01:24,612 [ERROR]: #  设备连接失败，message：名称长度错误
2021-07-06 12:01:25,489 [INFO]: #  枚举设备成功,message:b'CIDC CD-ROM USB Device'
2021-07-06 12:01:25,803 [INFO]: #  设备连接成功,message:0
2021-07-06 12:01:26,463 [INFO]: #  打开应用成功,message:0
2021-07-06 12:01:26,836 [INFO]: #  校验用户PIN成功,message:0
2021-07-06 12:01:27,638 [INFO]: #  打开容器成功,message:0
2021-07-06 12:01:33,966 [INFO]: #  SM2签名成功，code=0
2021-07-06 12:02:06,808 [INFO]: #  枚举设备成功,message:b'CIDC CD-ROM USB Device'
2021-07-06 12:02:07,273 [INFO]: #  设备连接成功,message:0
2021-07-06 12:02:07,793 [INFO]: #  打开应用成功,message:0
2021-07-06 12:02:08,212 [INFO]: #  校验用户PIN成功,message:0
2021-07-06 12:02:08,820 [INFO]: #  打开容器成功,message:0
2021-07-06 12:02:12,559 [INFO]: #  SM2签名成功，code=0
2021-07-06 12:03:23,993 [ERROR]: #  设备连接失败，message：名称长度错误
2021-07-06 12:03:25,282 [ERROR]: #  设备认证失败，message：无效的参数
2021-07-06 12:03:26,138 [INFO]: #  枚举设备成功,message:b'CIDC CD-ROM USB Device'
2021-07-06 12:03:26,642 [INFO]: #  设备连接成功,message:0
2021-07-06 12:03:27,146 [INFO]: #  打开应用成功,message:0
2021-07-06 12:03:27,684 [INFO]: #  校验用户PIN成功,message:0
2021-07-06 12:03:30,748 [INFO]: #  打开容器成功,message:0
2021-07-06 12:03:32,048 [INFO]: #  SM2签名成功，code=0
2021-07-06 12:04:19,281 [INFO]: #  枚举设备成功,message:b'CIDC CD-ROM USB Device'
2021-07-06 12:04:19,746 [INFO]: #  设备连接成功,message:0
2021-07-06 12:04:20,800 [INFO]: #  打开应用成功,message:0
2021-07-06 12:04:21,332 [INFO]: #  校验用户PIN成功,message:0
2021-07-06 12:04:21,960 [INFO]: #  打开容器成功,message:0
2021-07-06 12:04:24,738 [INFO]: #  获取公钥矩阵Hash成功，code= 0x0
2021-07-06 12:04:24,739 [INFO]: #  获取公钥矩阵Hash成功，g.pkmHash= b'\x86g/\x1f6\xc6#6\x8c\xb2\xe8=h\xbc6\xea\x0b\x9f.7Mg\xce\xbc\xc3\xc0\x8a@w\xce\xb8\xf7' 
2021-07-06 12:04:28,523 [INFO]: #  SM2 签名 （无证书）成功，code = 0x0
2021-07-06 12:05:46,866 [INFO]: #  枚举设备成功,message:b'CIDC CD-ROM USB Device'
2021-07-06 12:05:47,943 [INFO]: #  设备连接成功,message:0
2021-07-06 12:05:49,448 [INFO]: #  打开应用成功,message:0
2021-07-06 12:05:49,939 [INFO]: #  校验用户PIN成功,message:0
2021-07-06 12:05:50,585 [INFO]: #  打开容器成功,message:0
2021-07-06 12:05:52,197 [INFO]: #  获取公钥矩阵Hash成功，code= 0x0
2021-07-06 12:05:52,198 [INFO]: #  获取公钥矩阵Hash成功，g.pkmHash= b'\x86g/\x1f6\xc6#6\x8c\xb2\xe8=h\xbc6\xea\x0b\x9f.7Mg\xce\xbc\xc3\xc0\x8a@w\xce\xb8\xf7' 
2021-07-06 12:05:52,931 [INFO]: #  SM2 签名 （无证书）成功，code = 0x0
2021-07-06 12:09:01,999 [INFO]: #  枚举设备成功,message:b'CIDC CD-ROM USB Device'
2021-07-06 12:09:03,535 [INFO]: #  设备连接成功,message:0
2021-07-06 12:09:05,231 [INFO]: #  打开应用成功,message:0
2021-07-06 12:09:05,859 [INFO]: #  校验用户PIN成功,message:0
2021-07-06 12:09:06,332 [INFO]: #  打开容器成功,message:0
2021-07-06 12:09:08,174 [INFO]: #  SM2签名成功，code=0
2021-07-06 12:11:18,416 [INFO]: #  枚举设备成功,message:b'CIDC CD-ROM USB Device'
2021-07-06 12:11:18,831 [INFO]: #  设备连接成功,message:0
2021-07-06 12:11:19,598 [INFO]: #  打开应用成功,message:0
2021-07-06 12:11:20,598 [INFO]: #  校验用户PIN成功,message:0
2021-07-06 12:11:21,733 [INFO]: #  打开容器成功,message:0
2021-07-06 12:11:26,417 [INFO]: #  SM2签名成功，code=0
2021-07-06 12:11:32,837 [INFO]: #  获取公钥矩阵Hash成功，code= 0x0
2021-07-06 12:11:32,838 [INFO]: #  获取公钥矩阵Hash成功，g.pkmHash= b'1\x7f\xb5\xbd\x89\xdf\n\xc7M\xd6\xab\x8c\xb9\xa7\xb0I\xa3\xfd\xa4\xdc+k\xce7\xfd\xc4\x82\x92x\xc4\x1a\xf1' 
2021-07-06 12:11:37,305 [INFO]: #  SM2 签名 （无证书）成功，code = 0x0
2021-07-06 16:47:22,373 [INFO]: #  枚举设备成功,message:b'CIDC CD-ROM USB Device'
2021-07-06 16:47:22,952 [INFO]: #  设备连接成功,message:0
2021-07-06 16:47:23,801 [INFO]: #  打开应用成功,message:0
2021-07-06 16:47:24,272 [INFO]: #  校验用户PIN成功,message:0
2021-07-06 16:47:24,961 [INFO]: #  打开容器成功,message:0
2021-07-06 16:47:36,053 [INFO]: #  SM2签名成功，code=0
2021-07-06 16:48:58,239 [INFO]: #  导出签名公钥成功,message:0
2021-07-06 16:49:01,073 [INFO]: #  SM2验签成功，code=0x0
2021-07-06 16:51:52,653 [INFO]: #  枚举设备成功,message:b'CIDC CD-ROM USB Device'
2021-07-06 16:51:53,030 [INFO]: #  设备连接成功,message:0
2021-07-06 16:51:54,440 [INFO]: #  打开应用成功,message:0
2021-07-06 16:51:56,649 [INFO]: #  校验用户PIN成功,message:0
2021-07-06 16:51:57,214 [INFO]: #  打开容器成功,message:0
2021-07-06 16:52:02,913 [INFO]: #  SM2签名成功，code=0
2021-07-06 16:54:58,230 [INFO]: #  枚举设备成功,message:b'CIDC CD-ROM USB Device'
2021-07-06 16:54:58,563 [INFO]: #  设备连接成功,message:0
2021-07-06 16:54:58,943 [INFO]: #  设备认证成功,message:0
2021-07-06 16:54:59,788 [INFO]: #  打开应用成功,message:0
2021-07-06 16:55:00,362 [INFO]: #  校验用户PIN成功,message:0
2021-07-06 16:55:01,795 [INFO]: #  打开容器成功,message:0
2021-07-06 16:55:06,655 [INFO]: #  SM2签名成功，code=0
2021-07-06 17:03:28,660 [INFO]: #  枚举设备成功,message:b'CIDC CD-ROM USB Device'
2021-07-06 17:03:29,100 [INFO]: #  设备连接成功,message:0
2021-07-06 17:03:29,935 [INFO]: #  设备认证成功,message:0
2021-07-06 17:03:30,299 [INFO]: #  打开应用成功,message:0
2021-07-06 17:03:31,180 [INFO]: #  校验用户PIN成功,message:0
2021-07-06 17:03:31,874 [INFO]: #  打开容器成功,message:0
2021-07-06 17:03:35,948 [INFO]: #  SM2签名成功，code=0
2021-07-06 17:04:05,518 [INFO]: #  枚举设备成功,message:b'CIDC CD-ROM USB Device'
2021-07-06 17:04:05,940 [INFO]: #  设备连接成功,message:0
2021-07-06 17:04:06,797 [INFO]: #  打开应用成功,message:0
2021-07-06 17:04:07,555 [INFO]: #  校验用户PIN成功,message:0
2021-07-06 17:04:08,154 [INFO]: #  打开容器成功,message:0
2021-07-06 17:04:11,979 [INFO]: #  SM2签名成功，code=0
2021-07-06 17:05:11,864 [INFO]: #  枚举设备成功,message:b'CIDC CD-ROM USB Device'
2021-07-06 17:05:12,409 [INFO]: #  设备连接成功,message:0
2021-07-06 17:05:12,908 [INFO]: #  打开应用成功,message:0
2021-07-06 17:05:13,482 [INFO]: #  校验用户PIN成功,message:0
2021-07-06 17:05:14,025 [INFO]: #  打开容器成功,message:0
2021-07-06 17:05:14,909 [INFO]: #  SM2签名成功，code=0
2021-07-06 17:11:45,741 [INFO]: #  枚举设备成功,message:b'CIDC CD-ROM USB Device'
2021-07-06 17:11:46,190 [INFO]: #  设备连接成功,message:0
2021-07-06 17:11:46,812 [INFO]: #  打开应用成功,message:0
2021-07-06 17:11:47,505 [INFO]: #  校验用户PIN成功,message:0
2021-07-06 17:11:48,162 [INFO]: #  打开容器成功,message:0
2021-07-06 17:11:52,274 [INFO]: #  SM2签名成功，code=0
2021-07-06 17:13:18,757 [INFO]: #  枚举设备成功,message:b'CIDC CD-ROM USB Device'
2021-07-06 17:13:19,511 [INFO]: #  设备连接成功,message:0
2021-07-06 17:13:20,146 [INFO]: #  设备认证成功,message:0
2021-07-06 17:13:20,494 [INFO]: #  打开应用成功,message:0
2021-07-06 17:13:21,346 [INFO]: #  校验用户PIN成功,message:0
2021-07-06 17:13:21,973 [INFO]: #  打开容器成功,message:0
2021-07-06 17:13:23,207 [INFO]: #  SM2签名成功，code=0
2021-07-06 17:13:58,567 [INFO]: #  枚举设备成功,message:b'CIDC CD-ROM USB Device'
2021-07-06 17:13:58,950 [INFO]: #  设备连接成功,message:0
2021-07-06 17:13:59,684 [INFO]: #  设备认证成功,message:0
2021-07-06 17:14:00,109 [INFO]: #  打开应用成功,message:0
2021-07-06 17:14:00,876 [INFO]: #  校验用户PIN成功,message:0
2021-07-06 17:14:01,603 [INFO]: #  打开容器成功,message:0
2021-07-06 17:14:05,971 [INFO]: #  SM2签名成功，code=0
2021-07-06 17:14:23,456 [INFO]: #  枚举设备成功,message:b'CIDC CD-ROM USB Device'
2021-07-06 17:14:23,790 [INFO]: #  设备连接成功,message:0
2021-07-06 17:14:24,264 [INFO]: #  设备认证成功,message:0
2021-07-06 17:14:24,703 [INFO]: #  打开应用成功,message:0
2021-07-06 17:14:25,756 [INFO]: #  校验用户PIN成功,message:0
2021-07-06 17:14:26,467 [INFO]: #  打开容器成功,message:0
2021-07-06 17:14:30,354 [INFO]: #  SM2签名成功，code=0
2021-07-06 17:14:43,519 [INFO]: #  导出签名公钥成功,message:0
2021-07-06 17:15:02,891 [INFO]: #  SM2验签成功，code=0x0
2021-07-06 17:17:19,694 [INFO]: #  枚举设备成功,message:b'CIDC CD-ROM USB Device'
2021-07-06 17:17:20,118 [INFO]: #  设备连接成功,message:0
2021-07-06 17:17:20,778 [INFO]: #  打开应用成功,message:0
2021-07-06 17:17:21,253 [INFO]: #  校验用户PIN成功,message:0
2021-07-06 17:17:21,818 [INFO]: #  打开容器成功,message:0
2021-07-06 17:17:25,941 [INFO]: #  SM2签名成功，code=0
2021-07-06 17:21:18,825 [INFO]: #  枚举设备成功,message:b'CIDC CD-ROM USB Device'
2021-07-06 17:21:19,175 [INFO]: #  设备连接成功,message:0
2021-07-06 17:21:19,883 [INFO]: #  打开应用成功,message:0
2021-07-06 17:21:24,507 [INFO]: #  校验用户PIN成功,message:0
2021-07-06 17:21:25,374 [INFO]: #  打开容器成功,message:0
2021-07-06 17:21:26,987 [INFO]: #  导出签名公钥成功,message:0
2021-07-06 17:21:28,906 [ERROR]: #  SM2验签失败，code=0xa000042
