2021-06-17 16:04:24,027 [INFO]: #  枚举设备成功,message:b'CIDC CD-ROM USB Device'
2021-06-17 16:04:24,840 [INFO]: #  设备连接成功,message:0
2021-06-17 16:04:30,101 [INFO]: #  设备认证成功,message:0
2021-06-17 16:04:32,338 [ERROR]: #  校验用户PIN失败，message：应用不存在
2021-06-17 16:04:35,169 [INFO]: #  打开应用成功,message:0
2021-06-17 16:04:35,782 [INFO]: #  校验用户PIN成功,message:0
2021-06-17 16:04:39,117 [INFO]: #  打开容器成功,message:0
2021-06-17 16:04:41,633 [INFO]: #  导出签名证书成功，code=0
2021-06-17 16:11:02,035 [INFO]: #  枚举设备成功,message:b'CIDC CD-ROM USB Device'
2021-06-17 16:11:02,544 [INFO]: #  设备连接成功,message:0
2021-06-17 16:11:04,893 [INFO]: #  打开应用成功,message:0
2021-06-17 16:11:05,462 [INFO]: #  校验用户PIN成功,message:0
2021-06-17 16:11:09,156 [INFO]: #  打开容器成功,message:0
2021-06-17 16:11:11,505 [INFO]: #  导出签名证书成功，code=0
2021-06-17 16:12:22,954 [INFO]: #  枚举设备成功,message:b'CIDC CD-ROM USB Device'
2021-06-17 16:12:23,327 [INFO]: #  设备连接成功,message:0
2021-06-17 16:12:25,363 [ERROR]: #  校验用户PIN失败，message：应用不存在
2021-06-17 16:12:26,055 [INFO]: #  打开应用成功,message:0
2021-06-17 16:12:26,662 [INFO]: #  校验用户PIN成功,message:0
2021-06-17 16:12:28,469 [INFO]: #  打开容器成功,message:0
2021-06-17 16:12:32,153 [INFO]: #  导出加密证书成功，code=0
