2021-05-18 10:47:41,764 [INFO]: #  设备连接成功,message:0
2021-05-18 10:47:43,341 [INFO]: #  设备认证成功,message:0
2021-05-18 10:47:44,969 [ERROR]: #  校验用户PIN失败，message：应用不存在
2021-05-18 10:47:46,872 [INFO]: #  打开应用成功,message:0
2021-05-18 10:47:48,002 [INFO]: #  校验用户PIN成功,message:0
2021-05-18 10:47:50,307 [INFO]: #  打开容器成功,message:0
2021-05-18 10:48:20,616 [INFO]: #  设备连接成功,message:0
2021-05-18 10:48:21,348 [INFO]: #  设备认证成功,message:0
2021-05-18 10:48:22,115 [INFO]: #  打开应用成功,message:0
2021-05-18 10:48:22,708 [INFO]: #  校验用户PIN成功,message:0
2021-05-18 10:48:24,226 [INFO]: #  打开容器成功,message:0
2021-05-18 10:56:47,321 [INFO]: #  设备连接成功,message:0
2021-05-18 10:56:47,765 [INFO]: #  设备认证成功,message:0
2021-05-18 10:56:48,843 [INFO]: #  打开应用成功,message:0
2021-05-18 10:56:49,691 [INFO]: #  校验用户PIN成功,message:0
2021-05-18 10:56:51,180 [INFO]: #  打开容器成功,message:0
2021-05-18 11:01:06,106 [INFO]: #  设备连接成功,message:0
2021-05-18 11:01:06,629 [INFO]: #  设备认证成功,message:0
2021-05-18 11:01:07,377 [ERROR]: #  校验用户PIN失败，message：应用不存在
2021-05-18 11:01:08,211 [INFO]: #  打开应用成功,message:0
2021-05-18 11:01:08,620 [INFO]: #  校验用户PIN成功,message:0
2021-05-18 11:01:10,235 [INFO]: #  打开容器成功,message:0
2021-05-18 11:02:41,042 [INFO]: #  设备连接成功,message:0
2021-05-18 11:02:41,557 [INFO]: #  设备认证成功,message:0
2021-05-18 11:02:42,324 [INFO]: #  打开应用成功,message:0
2021-05-18 11:02:42,756 [INFO]: #  校验用户PIN成功,message:0
2021-05-18 11:02:43,836 [INFO]: #  打开容器成功,message:0
2021-05-18 11:02:52,249 [INFO]: #  设备连接成功,message:0
2021-05-18 11:02:52,684 [INFO]: #  设备认证成功,message:0
2021-05-18 11:02:53,315 [INFO]: #  打开应用成功,message:0
2021-05-18 11:02:53,763 [INFO]: #  校验用户PIN成功,message:0
2021-05-18 11:02:54,793 [INFO]: #  打开容器成功,message:0
2021-05-18 11:06:08,559 [INFO]: #  生成ecc签名钥对成功,message:0
2021-05-18 11:06:23,489 [INFO]: #  设备连接成功,message:0
2021-05-18 11:06:23,861 [INFO]: #  设备认证成功,message:0
2021-05-18 11:06:25,115 [INFO]: #  打开应用成功,message:0
2021-05-18 11:06:25,588 [INFO]: #  校验用户PIN成功,message:0
2021-05-18 11:06:27,941 [INFO]: #  容器删除成功,message:0
2021-05-18 11:06:29,948 [INFO]: #  容器创建成功,message:0
2021-05-18 11:06:31,388 [INFO]: #  打开容器成功,message:0
2021-05-18 11:06:33,468 [ERROR]: #  获取容器类型失败，message：引用的容器不存在
2021-05-18 11:18:06,834 [INFO]: #  设备连接成功,message:0
2021-05-18 11:18:07,596 [INFO]: #  设备认证成功,message:0
2021-05-18 11:18:08,444 [INFO]: #  打开应用成功,message:0
2021-05-18 11:18:09,053 [INFO]: #  校验用户PIN成功,message:0
2021-05-18 11:18:10,780 [INFO]: #  打开容器成功,message:0
2021-05-18 11:19:52,503 [ERROR]: #  设备认证失败，message：失败
2021-05-18 11:19:53,586 [INFO]: #  设备连接成功,message:0
2021-05-18 11:19:54,046 [INFO]: #  设备认证成功,message:0
2021-05-18 11:19:55,420 [INFO]: #  打开应用成功,message:0
2021-05-18 11:19:55,733 [INFO]: #  校验用户PIN成功,message:0
2021-05-18 11:19:57,892 [INFO]: #  打开容器成功,message:0
2021-05-18 11:20:54,326 [INFO]: #  设备连接成功,message:0
2021-05-18 11:20:54,766 [INFO]: #  设备认证成功,message:0
2021-05-18 11:20:55,836 [INFO]: #  打开应用成功,message:0
2021-05-18 11:20:56,189 [INFO]: #  校验用户PIN成功,message:0
2021-05-18 11:20:57,260 [INFO]: #  关闭容器成功,message:0
2021-05-18 11:20:58,403 [INFO]: #  打开容器成功,message:0
2021-05-18 11:21:02,960 [INFO]: #  生成ecc签名钥对成功,message:0
2021-05-18 11:21:04,124 [INFO]: #  生成并导出会话密钥成功,message:0
2021-05-18 11:21:04,131 [INFO]: #  加密初始化成功,message:0
2021-05-18 11:21:04,172 [INFO]: #  多组数据加密成功,message:0
2021-05-18 11:21:04,178 [INFO]: #  结束加密0
2021-05-18 11:21:04,185 [INFO]: #  销毁会话密钥成功，message：0
2021-05-18 11:21:04,192 [ERROR]: #  导入Ecc加密密钥失败，message：容器中不存在对应的密钥对
2021-05-18 11:21:13,131 [INFO]: #  生成并导出会话密钥成功,message:0
2021-05-18 11:21:13,731 [ERROR]: #  导出加密公钥失败,message:容器中不存在对应的密钥对
2021-05-18 11:21:13,769 [INFO]: #  生成并导出会话密钥成功,message:0
2021-05-18 11:21:13,776 [INFO]: #  销毁会话密钥成功，message：0
2021-05-18 11:21:13,783 [ERROR]: #  导入会话密钥失败，message：容器中不存在对应的密钥对
2021-05-18 13:42:54,698 [ERROR]: #  生成ecc签名钥对失败，message：无效的句柄
2021-05-18 13:42:54,699 [ERROR]: #  生成ecc签名钥对失败，message：无效的句柄
2021-05-18 13:42:54,699 [INFO]: #  单次平均执行时间：0 ms
2021-05-18 13:43:00,025 [INFO]: #  设备连接成功,message:0
2021-05-18 13:43:00,453 [INFO]: #  设备认证成功,message:0
2021-05-18 13:43:01,883 [INFO]: #  打开应用成功,message:0
2021-05-18 13:43:02,249 [INFO]: #  校验用户PIN成功,message:0
2021-05-18 13:43:03,915 [INFO]: #  打开容器成功,message:0
2021-05-18 13:43:08,420 [INFO]: #  单次平均执行时间：193 ms
2021-05-18 13:43:08,421 [INFO]: #  SKF_GenECCKeyPair性能测试结果：5 次/秒
2021-05-18 13:53:38,938 [INFO]: #  设备连接成功,message:0
2021-05-18 13:53:40,093 [INFO]: #  设备认证成功,message:0
2021-05-18 13:53:41,227 [INFO]: #  打开应用成功,message:0
2021-05-18 13:53:41,732 [INFO]: #  校验用户PIN成功,message:0
2021-05-18 13:53:43,756 [INFO]: #  打开容器成功,message:0
2021-05-18 13:53:48,239 [INFO]: #  生成保护密钥对成功,message:0
2021-05-18 13:53:54,166 [INFO]: #  容器删除成功,message:0
2021-05-18 13:53:59,630 [INFO]: #  容器创建成功,message:0
2021-05-18 13:54:05,062 [INFO]: #  设备成功断开,message:0
2021-05-18 13:57:10,482 [INFO]: #  设备连接成功,message:0
2021-05-18 13:57:11,357 [INFO]: #  设备认证成功,message:0
2021-05-18 13:57:16,372 [INFO]: #  打开应用成功,message:0
2021-05-18 13:57:16,757 [INFO]: #  校验用户PIN成功,message:0
2021-05-18 13:57:17,700 [INFO]: #  打开容器成功,message:0
2021-05-18 13:57:30,641 [INFO]: #  设备连接成功,message:0
2021-05-18 13:57:31,013 [INFO]: #  设备认证成功,message:0
2021-05-18 13:57:31,652 [INFO]: #  打开应用成功,message:0
2021-05-18 13:57:32,061 [INFO]: #  校验用户PIN成功,message:0
2021-05-18 13:57:32,844 [INFO]: #  打开容器成功,message:0
2021-05-18 13:57:40,058 [INFO]: #  设备连接成功,message:0
2021-05-18 13:57:40,405 [INFO]: #  设备认证成功,message:0
2021-05-18 13:57:41,131 [INFO]: #  打开应用成功,message:0
2021-05-18 13:57:41,556 [INFO]: #  校验用户PIN成功,message:0
2021-05-18 13:57:42,908 [INFO]: #  打开容器成功,message:0
2021-05-18 13:57:52,729 [INFO]: #  设备连接成功,message:0
2021-05-18 13:57:53,206 [INFO]: #  设备认证成功,message:0
2021-05-18 13:57:53,580 [INFO]: #  打开应用成功,message:0
2021-05-18 13:57:54,332 [INFO]: #  校验用户PIN成功,message:0
2021-05-18 13:57:55,404 [INFO]: #  打开容器成功,message:0
