2022-03-07 15:43:31,018 [INFO]: #  枚举设备成功,message:b'CIDC CD-ROM USB Device'
2022-03-07 15:43:31,847 [INFO]: #  设备连接成功,message:0
2022-03-07 15:43:33,214 [INFO]: #  设备成功断开,message:0
2022-03-07 15:43:34,910 [INFO]: #  设备连接成功,message:0
2022-03-07 15:43:37,144 [INFO]: #  设备认证成功,message:0
2022-03-07 15:43:40,034 [ERROR]: #  应用创建失败，message：应用已经存在
2022-03-07 15:43:42,566 [INFO]: #  枚举应用成功,message:'dmsUK\x00\x00\x00\x00\x00\x00\x00\x00\x00\x00\x00\x00\x00\x00\x00\x00\x00\x00\x00\x00\x00\x00\x00\x00\x00\x00\x00\x00\x00\x00\x00\x00\x00\x00\x00\x00\x00\x00\x00\x00\x00\x00\x00\x00\x00\x00\x00\x00\x00\x00\x00\x00\x00\x00\x00\x00\x00\x00\x00\x00\x00\x00\x00\x00\x00\x00\x00\x00\x00\x00\x00\x00\x00\x00\x00\x00\x00\x00\x00\x00\x00\x00\x00\x00\x00\x00\x00\x00\x00\x00\x00\x00\x00\x00\x00\x00\x00\x00\x00\x00\x00\x00\x00\x00\x00\x00\x00\x00\x00\x00\x00\x00\x00\x00\x00\x00\x00\x00\x00\x00\x00\x00\x00'
2022-03-07 15:43:46,993 [INFO]: #  打开应用成功,message:0
2022-03-07 15:43:50,693 [INFO]: #  枚举容器成功,message:0'dmsUK\x00\x00\x00\x00\x00\x00\x00\x00\x00\x00\x00\x00\x00\x00\x00\x00\x00\x00\x00\x00\x00\x00\x00\x00\x00\x00\x00\x00\x00\x00\x00\x00\x00\x00\x00\x00\x00\x00\x00\x00\x00\x00\x00\x00\x00\x00\x00\x00\x00\x00\x00\x00\x00\x00\x00\x00\x00\x00\x00\x00\x00\x00\x00\x00\x00\x00\x00\x00\x00\x00\x00\x00\x00\x00\x00\x00\x00\x00\x00\x00\x00\x00\x00\x00\x00\x00\x00\x00\x00\x00\x00\x00\x00\x00\x00\x00\x00\x00\x00\x00\x00\x00\x00\x00\x00\x00\x00\x00\x00\x00\x00\x00\x00\x00\x00\x00\x00\x00\x00\x00\x00\x00\x00'
2022-03-07 15:43:56,902 [INFO]: #  校验用户PIN成功,message:0
2022-03-07 15:54:51,391 [INFO]: #  枚举设备成功,message:b'CIDC CD-ROM USB Device'
2022-03-07 15:54:51,917 [INFO]: #  设备连接成功,message:0
2022-03-07 15:54:53,965 [INFO]: #  设备认证成功,message:0
2022-03-07 15:54:54,391 [INFO]: #  打开应用成功,message:0
2022-03-07 15:54:55,154 [INFO]: #  校验用户PIN成功,message:0
2022-03-07 15:54:56,272 [ERROR]: #  打开容器失败，message：引用的容器不存在
2022-03-07 15:55:02,325 [ERROR]: #  打开容器失败，message：引用的容器不存在
2022-03-07 15:55:04,966 [INFO]: #  枚举容器成功,message:0'dmsUK\x00\x00\x00\x00\x00\x00\x00\x00\x00\x00\x00\x00\x00\x00\x00\x00\x00\x00\x00\x00\x00\x00\x00\x00\x00\x00\x00\x00\x00\x00\x00\x00\x00\x00\x00\x00\x00\x00\x00\x00\x00\x00\x00\x00\x00\x00\x00\x00\x00\x00\x00\x00\x00\x00\x00\x00\x00\x00\x00\x00\x00\x00\x00\x00\x00\x00\x00\x00\x00\x00\x00\x00\x00\x00\x00\x00\x00\x00\x00\x00\x00\x00\x00\x00\x00\x00\x00\x00\x00\x00\x00\x00\x00\x00\x00\x00\x00\x00\x00\x00\x00\x00\x00\x00\x00\x00\x00\x00\x00\x00\x00\x00\x00\x00\x00\x00\x00\x00\x00\x00\x00\x00\x00'
2022-03-07 15:55:07,841 [ERROR]: #  打开容器失败，message：引用的容器不存在
2022-03-07 15:55:48,061 [INFO]: #  枚举设备成功,message:b'CIDC CD-ROM USB Device'
2022-03-07 15:55:48,671 [INFO]: #  设备连接成功,message:0
2022-03-07 15:55:49,896 [INFO]: #  设备认证成功,message:0
2022-03-07 15:55:50,936 [INFO]: #  打开应用成功,message:0
2022-03-07 15:55:53,396 [INFO]: #  校验用户PIN成功,message:0
2022-03-07 15:55:54,276 [INFO]: #  打开容器成功,message:0
2022-03-07 15:55:57,560 [ERROR]: #  导出矩阵失败，code=0xa000001
